[ 2019-08-06T21:04:22+08:00 ][ sql ] [ DB ] CONNECT:[ UseTime:0.042966s ] mysql:host=127.0.0.1;dbname=ky_you;charset=utf8
[ 2019-08-06T21:04:22+08:00 ][ sql ] [ SQL ] SHOW TABLE STATUS LIKE 'test' [ RunTime:0.119133s ]
[ 2019-08-06T21:04:22+08:00 ][ sql ] [ SQL ] SHOW TABLE STATUS LIKE 'fa_test' [ RunTime:0.009765s ]
[ 2019-08-06T21:04:22+08:00 ][ sql ] [ SQL ] SELECT * FROM `information_schema`.`columns` WHERE TABLE_SCHEMA = 'ky_you' AND table_name = 'fa_test' ORDER BY ORDINAL_POSITION [ RunTime:0.005859s ]
[ 2019-08-06T21:04:39+08:00 ][ sql ] [ DB ] CONNECT:[ UseTime:0.001953s ] mysql:host=127.0.0.1;dbname=ky_you;charset=utf8
[ 2019-08-06T21:04:39+08:00 ][ sql ] [ SQL ] SHOW COLUMNS FROM `fa_auth_rule` [ RunTime:0.017577s ]
[ 2019-08-06T21:04:39+08:00 ][ sql ] [ SQL ] SELECT * FROM `fa_auth_rule` WHERE  `name` = 'test' LIMIT 1 [ RunTime:0.002930s ]
[ 2019-08-06T21:04:39+08:00 ][ sql ] [ SQL ] INSERT INTO `fa_auth_rule` (`pid` , `name` , `title` , `icon` , `remark` , `ismenu` , `status` , `createtime` , `updatetime`) VALUES (0 , 'test' , '测试管理' , 'fa fa-circle-o' , '' , 1 , 'normal' , 1565096679 , 1565096679) [ RunTime:0.214830s ]
[ 2019-08-06T21:04:39+08:00 ][ sql ] [ SQL ] SELECT `id` FROM `fa_auth_rule` WHERE  `name` = 'test/index' LIMIT 1 [ RunTime:0.006836s ]
[ 2019-08-06T21:04:39+08:00 ][ sql ] [ SQL ] SELECT `id` FROM `fa_auth_rule` WHERE  `name` = 'test/recyclebin' LIMIT 1 [ RunTime:0.000000s ]
[ 2019-08-06T21:04:39+08:00 ][ sql ] [ SQL ] SELECT `id` FROM `fa_auth_rule` WHERE  `name` = 'test/add' LIMIT 1 [ RunTime:0.000000s ]
[ 2019-08-06T21:04:39+08:00 ][ sql ] [ SQL ] SELECT `id` FROM `fa_auth_rule` WHERE  `name` = 'test/edit' LIMIT 1 [ RunTime:0.000000s ]
[ 2019-08-06T21:04:39+08:00 ][ sql ] [ SQL ] SELECT `id` FROM `fa_auth_rule` WHERE  `name` = 'test/del' LIMIT 1 [ RunTime:0.000976s ]
[ 2019-08-06T21:04:39+08:00 ][ sql ] [ SQL ] SELECT `id` FROM `fa_auth_rule` WHERE  `name` = 'test/destroy' LIMIT 1 [ RunTime:0.000000s ]
[ 2019-08-06T21:04:39+08:00 ][ sql ] [ SQL ] SELECT `id` FROM `fa_auth_rule` WHERE  `name` = 'test/restore' LIMIT 1 [ RunTime:0.000000s ]
[ 2019-08-06T21:04:39+08:00 ][ sql ] [ SQL ] SELECT `id` FROM `fa_auth_rule` WHERE  `name` = 'test/multi' LIMIT 1 [ RunTime:0.000976s ]
[ 2019-08-06T21:04:39+08:00 ][ sql ] [ SQL ] INSERT INTO `fa_auth_rule` (`id` , `pid` , `name` , `icon` , `title` , `ismenu` , `status` , `createtime` , `updatetime`) VALUES (NULL , 85 , 'test/index' , 'fa fa-circle-o' , '查看' , 0 , 'normal' , 1565096679 , 1565096679) [ RunTime:0.035154s ]
[ 2019-08-06T21:04:39+08:00 ][ sql ] [ SQL ] INSERT INTO `fa_auth_rule` (`id` , `pid` , `name` , `icon` , `title` , `ismenu` , `status` , `createtime` , `updatetime`) VALUES (NULL , 85 , 'test/recyclebin' , 'fa fa-circle-o' , '回收站' , 0 , 'normal' , 1565096679 , 1565096679) [ RunTime:0.000976s ]
[ 2019-08-06T21:04:39+08:00 ][ sql ] [ SQL ] INSERT INTO `fa_auth_rule` (`id` , `pid` , `name` , `icon` , `title` , `ismenu` , `status` , `createtime` , `updatetime`) VALUES (NULL , 85 , 'test/add' , 'fa fa-circle-o' , '添加' , 0 , 'normal' , 1565096679 , 1565096679) [ RunTime:0.000000s ]
[ 2019-08-06T21:04:39+08:00 ][ sql ] [ SQL ] INSERT INTO `fa_auth_rule` (`id` , `pid` , `name` , `icon` , `title` , `ismenu` , `status` , `createtime` , `updatetime`) VALUES (NULL , 85 , 'test/edit' , 'fa fa-circle-o' , '编辑' , 0 , 'normal' , 1565096679 , 1565096679) [ RunTime:0.000000s ]
[ 2019-08-06T21:04:39+08:00 ][ sql ] [ SQL ] INSERT INTO `fa_auth_rule` (`id` , `pid` , `name` , `icon` , `title` , `ismenu` , `status` , `createtime` , `updatetime`) VALUES (NULL , 85 , 'test/del' , 'fa fa-circle-o' , '删除' , 0 , 'normal' , 1565096679 , 1565096679) [ RunTime:0.000000s ]
[ 2019-08-06T21:04:39+08:00 ][ sql ] [ SQL ] INSERT INTO `fa_auth_rule` (`id` , `pid` , `name` , `icon` , `title` , `ismenu` , `status` , `createtime` , `updatetime`) VALUES (NULL , 85 , 'test/destroy' , 'fa fa-circle-o' , '真实删除' , 0 , 'normal' , 1565096679 , 1565096679) [ RunTime:0.000977s ]
[ 2019-08-06T21:04:39+08:00 ][ sql ] [ SQL ] INSERT INTO `fa_auth_rule` (`id` , `pid` , `name` , `icon` , `title` , `ismenu` , `status` , `createtime` , `updatetime`) VALUES (NULL , 85 , 'test/restore' , 'fa fa-circle-o' , '还原' , 0 , 'normal' , 1565096679 , 1565096679) [ RunTime:0.000000s ]
[ 2019-08-06T21:04:39+08:00 ][ sql ] [ SQL ] INSERT INTO `fa_auth_rule` (`id` , `pid` , `name` , `icon` , `title` , `ismenu` , `status` , `createtime` , `updatetime`) VALUES (NULL , 85 , 'test/multi' , 'fa fa-circle-o' , '批量更新' , 0 , 'normal' , 1565096679 , 1565096679) [ RunTime:0.000000s ]
[ 2019-08-06T21:08:35+08:00 ][ sql ] [ DB ] CONNECT:[ UseTime:0.029295s ] mysql:host=127.0.0.1;dbname=ky_you;charset=utf8
[ 2019-08-06T21:08:35+08:00 ][ sql ] [ SQL ] SHOW TABLE STATUS LIKE 'developer' [ RunTime:0.012695s ]
[ 2019-08-06T21:08:35+08:00 ][ sql ] [ SQL ] SHOW TABLE STATUS LIKE 'fa_developer' [ RunTime:0.000977s ]
[ 2019-08-06T21:08:35+08:00 ][ sql ] [ SQL ] SELECT * FROM `information_schema`.`columns` WHERE TABLE_SCHEMA = 'ky_you' AND table_name = 'fa_developer' ORDER BY ORDINAL_POSITION [ RunTime:0.001953s ]
[ 2019-08-06T21:08:46+08:00 ][ sql ] [ DB ] CONNECT:[ UseTime:0.003906s ] mysql:host=127.0.0.1;dbname=ky_you;charset=utf8
[ 2019-08-06T21:08:46+08:00 ][ sql ] [ SQL ] SHOW COLUMNS FROM `fa_auth_rule` [ RunTime:0.002929s ]
[ 2019-08-06T21:08:46+08:00 ][ sql ] [ SQL ] SELECT * FROM `fa_auth_rule` WHERE  `name` = 'developer' LIMIT 1 [ RunTime:0.000976s ]
[ 2019-08-06T21:08:46+08:00 ][ sql ] [ SQL ] INSERT INTO `fa_auth_rule` (`pid` , `name` , `title` , `icon` , `remark` , `ismenu` , `status` , `createtime` , `updatetime`) VALUES (0 , 'developer' , 'Developer' , 'fa fa-circle-o' , '' , 1 , 'normal' , 1565096926 , 1565096926) [ RunTime:0.021483s ]
[ 2019-08-06T21:08:46+08:00 ][ sql ] [ SQL ] SELECT `id` FROM `fa_auth_rule` WHERE  `name` = 'developer/index' LIMIT 1 [ RunTime:0.000977s ]
[ 2019-08-06T21:08:46+08:00 ][ sql ] [ SQL ] SELECT `id` FROM `fa_auth_rule` WHERE  `name` = 'developer/add' LIMIT 1 [ RunTime:0.000000s ]
[ 2019-08-06T21:08:46+08:00 ][ sql ] [ SQL ] SELECT `id` FROM `fa_auth_rule` WHERE  `name` = 'developer/edit' LIMIT 1 [ RunTime:0.000000s ]
[ 2019-08-06T21:08:46+08:00 ][ sql ] [ SQL ] SELECT `id` FROM `fa_auth_rule` WHERE  `name` = 'developer/del' LIMIT 1 [ RunTime:0.000000s ]
[ 2019-08-06T21:08:46+08:00 ][ sql ] [ SQL ] SELECT `id` FROM `fa_auth_rule` WHERE  `name` = 'developer/multi' LIMIT 1 [ RunTime:0.000976s ]
[ 2019-08-06T21:08:46+08:00 ][ sql ] [ SQL ] INSERT INTO `fa_auth_rule` (`id` , `pid` , `name` , `icon` , `title` , `ismenu` , `status` , `createtime` , `updatetime`) VALUES (NULL , 94 , 'developer/index' , 'fa fa-circle-o' , '查看' , 0 , 'normal' , 1565096926 , 1565096926) [ RunTime:0.029295s ]
[ 2019-08-06T21:08:46+08:00 ][ sql ] [ SQL ] INSERT INTO `fa_auth_rule` (`id` , `pid` , `name` , `icon` , `title` , `ismenu` , `status` , `createtime` , `updatetime`) VALUES (NULL , 94 , 'developer/add' , 'fa fa-circle-o' , '添加' , 0 , 'normal' , 1565096926 , 1565096926) [ RunTime:0.000000s ]
[ 2019-08-06T21:08:46+08:00 ][ sql ] [ SQL ] INSERT INTO `fa_auth_rule` (`id` , `pid` , `name` , `icon` , `title` , `ismenu` , `status` , `createtime` , `updatetime`) VALUES (NULL , 94 , 'developer/edit' , 'fa fa-circle-o' , '编辑' , 0 , 'normal' , 1565096926 , 1565096926) [ RunTime:0.000000s ]
[ 2019-08-06T21:08:46+08:00 ][ sql ] [ SQL ] INSERT INTO `fa_auth_rule` (`id` , `pid` , `name` , `icon` , `title` , `ismenu` , `status` , `createtime` , `updatetime`) VALUES (NULL , 94 , 'developer/del' , 'fa fa-circle-o' , '删除' , 0 , 'normal' , 1565096926 , 1565096926) [ RunTime:0.000000s ]
[ 2019-08-06T21:08:46+08:00 ][ sql ] [ SQL ] INSERT INTO `fa_auth_rule` (`id` , `pid` , `name` , `icon` , `title` , `ismenu` , `status` , `createtime` , `updatetime`) VALUES (NULL , 94 , 'developer/multi' , 'fa fa-circle-o' , '批量更新' , 0 , 'normal' , 1565096926 , 1565096926) [ RunTime:0.000000s ]
[ 2019-08-06T21:32:18+08:00 ][ sql ] [ DB ] CONNECT:[ UseTime:0.104485s ] mysql:host=127.0.0.1;dbname=ky_you;charset=utf8
[ 2019-08-06T21:32:18+08:00 ][ sql ] [ SQL ] SHOW COLUMNS FROM `fa_auth_rule` [ RunTime:0.013671s ]
[ 2019-08-06T21:32:18+08:00 ][ sql ] [ SQL ] SELECT * FROM `fa_auth_rule` WHERE  (  `name` LIKE 'devloper%' ) [ RunTime:0.015624s ]
[ 2019-08-06T21:32:35+08:00 ][ sql ] [ DB ] CONNECT:[ UseTime:0.002929s ] mysql:host=127.0.0.1;dbname=ky_you;charset=utf8
[ 2019-08-06T21:32:35+08:00 ][ sql ] [ SQL ] SHOW COLUMNS FROM `fa_auth_rule` [ RunTime:0.008788s ]
[ 2019-08-06T21:32:35+08:00 ][ sql ] [ SQL ] SELECT * FROM `fa_auth_rule` WHERE  (  `name` LIKE 'devloper%' ) [ RunTime:0.000000s ]
[ 2019-08-06T21:33:46+08:00 ][ sql ] [ DB ] CONNECT:[ UseTime:0.001953s ] mysql:host=127.0.0.1;dbname=ky_you;charset=utf8
[ 2019-08-06T21:33:46+08:00 ][ sql ] [ SQL ] SHOW COLUMNS FROM `fa_auth_rule` [ RunTime:0.001953s ]
[ 2019-08-06T21:33:46+08:00 ][ sql ] [ SQL ] SELECT * FROM `fa_auth_rule` WHERE  `name` = 'developer' LIMIT 1 [ RunTime:0.000000s ]
[ 2019-08-06T21:33:46+08:00 ][ sql ] [ SQL ] INSERT INTO `fa_auth_rule` (`pid` , `name` , `title` , `icon` , `remark` , `ismenu` , `status` , `createtime` , `updatetime`) VALUES (0 , 'developer' , 'Developer' , 'fa fa-circle-o' , '' , 1 , 'normal' , 1565098426 , 1565098426) [ RunTime:0.014647s ]
[ 2019-08-06T21:33:46+08:00 ][ sql ] [ SQL ] SELECT `id` FROM `fa_auth_rule` WHERE  `name` = 'developer/index' LIMIT 1 [ RunTime:0.000976s ]
[ 2019-08-06T21:33:46+08:00 ][ sql ] [ SQL ] SELECT `id` FROM `fa_auth_rule` WHERE  `name` = 'developer/add' LIMIT 1 [ RunTime:0.000000s ]
[ 2019-08-06T21:33:46+08:00 ][ sql ] [ SQL ] SELECT `id` FROM `fa_auth_rule` WHERE  `name` = 'developer/edit' LIMIT 1 [ RunTime:0.000976s ]
[ 2019-08-06T21:33:46+08:00 ][ sql ] [ SQL ] SELECT `id` FROM `fa_auth_rule` WHERE  `name` = 'developer/del' LIMIT 1 [ RunTime:0.000000s ]
[ 2019-08-06T21:33:46+08:00 ][ sql ] [ SQL ] SELECT `id` FROM `fa_auth_rule` WHERE  `name` = 'developer/multi' LIMIT 1 [ RunTime:0.000000s ]
[ 2019-08-06T21:33:46+08:00 ][ sql ] [ SQL ] INSERT INTO `fa_auth_rule` (`id` , `pid` , `name` , `icon` , `title` , `ismenu` , `status` , `createtime` , `updatetime`) VALUES (NULL , 100 , 'developer/index' , 'fa fa-circle-o' , '查看' , 0 , 'normal' , 1565098426 , 1565098426) [ RunTime:0.039060s ]
[ 2019-08-06T21:33:46+08:00 ][ sql ] [ SQL ] INSERT INTO `fa_auth_rule` (`id` , `pid` , `name` , `icon` , `title` , `ismenu` , `status` , `createtime` , `updatetime`) VALUES (NULL , 100 , 'developer/add' , 'fa fa-circle-o' , '添加' , 0 , 'normal' , 1565098426 , 1565098426) [ RunTime:0.000000s ]
[ 2019-08-06T21:33:46+08:00 ][ sql ] [ SQL ] INSERT INTO `fa_auth_rule` (`id` , `pid` , `name` , `icon` , `title` , `ismenu` , `status` , `createtime` , `updatetime`) VALUES (NULL , 100 , 'developer/edit' , 'fa fa-circle-o' , '编辑' , 0 , 'normal' , 1565098426 , 1565098426) [ RunTime:0.000000s ]
[ 2019-08-06T21:33:46+08:00 ][ sql ] [ SQL ] INSERT INTO `fa_auth_rule` (`id` , `pid` , `name` , `icon` , `title` , `ismenu` , `status` , `createtime` , `updatetime`) VALUES (NULL , 100 , 'developer/del' , 'fa fa-circle-o' , '删除' , 0 , 'normal' , 1565098426 , 1565098426) [ RunTime:0.000000s ]
[ 2019-08-06T21:33:46+08:00 ][ sql ] [ SQL ] INSERT INTO `fa_auth_rule` (`id` , `pid` , `name` , `icon` , `title` , `ismenu` , `status` , `createtime` , `updatetime`) VALUES (NULL , 100 , 'developer/multi' , 'fa fa-circle-o' , '批量更新' , 0 , 'normal' , 1565098426 , 1565098426) [ RunTime:0.000000s ]
[ 2019-08-06T21:35:10+08:00 ][ sql ] [ DB ] CONNECT:[ UseTime:0.002930s ] mysql:host=127.0.0.1;dbname=ky_you;charset=utf8
[ 2019-08-06T21:35:10+08:00 ][ sql ] [ SQL ] SHOW COLUMNS FROM `fa_auth_rule` [ RunTime:0.003906s ]
[ 2019-08-06T21:35:10+08:00 ][ sql ] [ SQL ] SELECT * FROM `fa_auth_rule` WHERE  `name` = 'developer' LIMIT 1 [ RunTime:0.000000s ]
[ 2019-08-06T21:35:10+08:00 ][ sql ] [ SQL ] INSERT INTO `fa_auth_rule` (`pid` , `name` , `title` , `icon` , `remark` , `ismenu` , `status` , `createtime` , `updatetime`) VALUES (0 , 'developer' , 'Developer' , 'fa fa-circle-o' , '' , 1 , 'normal' , 1565098510 , 1565098510) [ RunTime:0.013671s ]
[ 2019-08-06T21:35:10+08:00 ][ sql ] [ SQL ] SELECT `id` FROM `fa_auth_rule` WHERE  `name` = 'developer/index' LIMIT 1 [ RunTime:0.000977s ]
[ 2019-08-06T21:35:10+08:00 ][ sql ] [ SQL ] SELECT `id` FROM `fa_auth_rule` WHERE  `name` = 'developer/add' LIMIT 1 [ RunTime:0.001953s ]
[ 2019-08-06T21:35:10+08:00 ][ sql ] [ SQL ] SELECT `id` FROM `fa_auth_rule` WHERE  `name` = 'developer/edit' LIMIT 1 [ RunTime:0.002930s ]
[ 2019-08-06T21:35:10+08:00 ][ sql ] [ SQL ] SELECT `id` FROM `fa_auth_rule` WHERE  `name` = 'developer/del' LIMIT 1 [ RunTime:0.000000s ]
[ 2019-08-06T21:35:10+08:00 ][ sql ] [ SQL ] SELECT `id` FROM `fa_auth_rule` WHERE  `name` = 'developer/multi' LIMIT 1 [ RunTime:0.000000s ]
[ 2019-08-06T21:35:10+08:00 ][ sql ] [ SQL ] INSERT INTO `fa_auth_rule` (`id` , `pid` , `name` , `icon` , `title` , `ismenu` , `status` , `createtime` , `updatetime`) VALUES (NULL , 106 , 'developer/index' , 'fa fa-circle-o' , '查看' , 0 , 'normal' , 1565098510 , 1565098510) [ RunTime:0.025389s ]
[ 2019-08-06T21:35:10+08:00 ][ sql ] [ SQL ] INSERT INTO `fa_auth_rule` (`id` , `pid` , `name` , `icon` , `title` , `ismenu` , `status` , `createtime` , `updatetime`) VALUES (NULL , 106 , 'developer/add' , 'fa fa-circle-o' , '添加' , 0 , 'normal' , 1565098510 , 1565098510) [ RunTime:0.000976s ]
[ 2019-08-06T21:35:10+08:00 ][ sql ] [ SQL ] INSERT INTO `fa_auth_rule` (`id` , `pid` , `name` , `icon` , `title` , `ismenu` , `status` , `createtime` , `updatetime`) VALUES (NULL , 106 , 'developer/edit' , 'fa fa-circle-o' , '编辑' , 0 , 'normal' , 1565098510 , 1565098510) [ RunTime:0.000977s ]
[ 2019-08-06T21:35:10+08:00 ][ sql ] [ SQL ] INSERT INTO `fa_auth_rule` (`id` , `pid` , `name` , `icon` , `title` , `ismenu` , `status` , `createtime` , `updatetime`) VALUES (NULL , 106 , 'developer/del' , 'fa fa-circle-o' , '删除' , 0 , 'normal' , 1565098510 , 1565098510) [ RunTime:0.000976s ]
[ 2019-08-06T21:35:10+08:00 ][ sql ] [ SQL ] INSERT INTO `fa_auth_rule` (`id` , `pid` , `name` , `icon` , `title` , `ismenu` , `status` , `createtime` , `updatetime`) VALUES (NULL , 106 , 'developer/multi' , 'fa fa-circle-o' , '批量更新' , 0 , 'normal' , 1565098510 , 1565098510) [ RunTime:0.000000s ]
[ 2019-08-06T21:37:08+08:00 ][ sql ] [ DB ] CONNECT:[ UseTime:0.001953s ] mysql:host=127.0.0.1;dbname=ky_you;charset=utf8
[ 2019-08-06T21:37:08+08:00 ][ sql ] [ SQL ] SHOW TABLE STATUS LIKE 'developer' [ RunTime:0.001953s ]
[ 2019-08-06T21:37:08+08:00 ][ sql ] [ SQL ] SHOW TABLE STATUS LIKE 'fa_developer' [ RunTime:0.002929s ]
[ 2019-08-06T21:37:40+08:00 ][ sql ] [ DB ] CONNECT:[ UseTime:0.001953s ] mysql:host=127.0.0.1;dbname=ky_you;charset=utf8
[ 2019-08-06T21:37:40+08:00 ][ sql ] [ SQL ] SHOW TABLE STATUS LIKE 'developer' [ RunTime:0.024412s ]
[ 2019-08-06T21:37:40+08:00 ][ sql ] [ SQL ] SHOW TABLE STATUS LIKE 'fa_developer' [ RunTime:0.001953s ]
[ 2019-08-06T21:37:40+08:00 ][ sql ] [ SQL ] SELECT * FROM `information_schema`.`columns` WHERE TABLE_SCHEMA = 'ky_you' AND table_name = 'fa_developer' ORDER BY ORDINAL_POSITION [ RunTime:0.001953s ]
[ 2019-08-06T21:37:40+08:00 ][ sql ] [ DB ] CONNECT:[ UseTime:0.013671s ] mysql:host=127.0.0.1;dbname=ky_you;charset=utf8
[ 2019-08-06T21:37:40+08:00 ][ sql ] [ SQL ] SHOW COLUMNS FROM `fa_auth_rule` [ RunTime:0.020506s ]
[ 2019-08-06T21:37:40+08:00 ][ sql ] [ SQL ] SELECT * FROM `fa_auth_rule` WHERE  `name` = 'developer' LIMIT 1 [ RunTime:0.001953s ]
[ 2019-08-06T21:37:40+08:00 ][ sql ] [ SQL ] SELECT `id` FROM `fa_auth_rule` WHERE  `name` = 'developer/index' LIMIT 1 [ RunTime:0.000977s ]
[ 2019-08-06T21:37:40+08:00 ][ sql ] [ SQL ] SELECT `id` FROM `fa_auth_rule` WHERE  `name` = 'developer/add' LIMIT 1 [ RunTime:0.000000s ]
[ 2019-08-06T21:37:40+08:00 ][ sql ] [ SQL ] SELECT `id` FROM `fa_auth_rule` WHERE  `name` = 'developer/edit' LIMIT 1 [ RunTime:0.000000s ]
[ 2019-08-06T21:37:40+08:00 ][ sql ] [ SQL ] SELECT `id` FROM `fa_auth_rule` WHERE  `name` = 'developer/del' LIMIT 1 [ RunTime:0.000977s ]
[ 2019-08-06T21:37:40+08:00 ][ sql ] [ SQL ] SELECT `id` FROM `fa_auth_rule` WHERE  `name` = 'developer/multi' LIMIT 1 [ RunTime:0.000000s ]
[ 2019-08-06T21:37:40+08:00 ][ sql ] [ SQL ] UPDATE `fa_auth_rule`  SET `pid`=106,`name`='developer/index',`icon`='fa fa-circle-o',`title`='查看',`ismenu`=0,`status`='normal',`updatetime`=1565098660  WHERE  `id` = 107 [ RunTime:0.081049s ]
[ 2019-08-06T21:37:40+08:00 ][ sql ] [ SQL ] UPDATE `fa_auth_rule`  SET `pid`=106,`name`='developer/add',`icon`='fa fa-circle-o',`title`='添加',`ismenu`=0,`status`='normal',`updatetime`=1565098660  WHERE  `id` = 108 [ RunTime:0.000000s ]
[ 2019-08-06T21:37:40+08:00 ][ sql ] [ SQL ] UPDATE `fa_auth_rule`  SET `pid`=106,`name`='developer/edit',`icon`='fa fa-circle-o',`title`='编辑',`ismenu`=0,`status`='normal',`updatetime`=1565098660  WHERE  `id` = 109 [ RunTime:0.000976s ]
[ 2019-08-06T21:37:40+08:00 ][ sql ] [ SQL ] UPDATE `fa_auth_rule`  SET `pid`=106,`name`='developer/del',`icon`='fa fa-circle-o',`title`='删除',`ismenu`=0,`status`='normal',`updatetime`=1565098660  WHERE  `id` = 110 [ RunTime:0.000977s ]
[ 2019-08-06T21:37:40+08:00 ][ sql ] [ SQL ] UPDATE `fa_auth_rule`  SET `pid`=106,`name`='developer/multi',`icon`='fa fa-circle-o',`title`='批量更新',`ismenu`=0,`status`='normal',`updatetime`=1565098660  WHERE  `id` = 111 [ RunTime:0.000000s ]
[ 2019-08-06T21:39:24+08:00 ][ sql ] [ DB ] CONNECT:[ UseTime:0.010741s ] mysql:host=127.0.0.1;dbname=ky_you;charset=utf8
[ 2019-08-06T21:39:24+08:00 ][ sql ] [ SQL ] SHOW COLUMNS FROM `fa_auth_rule` [ RunTime:0.012695s ]
[ 2019-08-06T21:39:24+08:00 ][ sql ] [ SQL ] SELECT * FROM `fa_auth_rule` WHERE  (  `name` LIKE 'devloper%' ) [ RunTime:0.000000s ]
[ 2019-08-06T21:39:44+08:00 ][ sql ] [ DB ] CONNECT:[ UseTime:0.001953s ] mysql:host=127.0.0.1;dbname=ky_you;charset=utf8
[ 2019-08-06T21:39:44+08:00 ][ sql ] [ SQL ] SHOW TABLE STATUS LIKE 'developer' [ RunTime:0.003906s ]
[ 2019-08-06T21:39:44+08:00 ][ sql ] [ SQL ] SHOW TABLE STATUS LIKE 'fa_developer' [ RunTime:0.000977s ]
[ 2019-08-06T21:40:34+08:00 ][ sql ] [ DB ] CONNECT:[ UseTime:0.002930s ] mysql:host=127.0.0.1;dbname=ky_you;charset=utf8
[ 2019-08-06T21:40:34+08:00 ][ sql ] [ SQL ] SHOW TABLE STATUS LIKE 'developer' [ RunTime:0.001953s ]
[ 2019-08-06T21:40:34+08:00 ][ sql ] [ SQL ] SHOW TABLE STATUS LIKE 'fa_developer' [ RunTime:0.002930s ]
[ 2019-08-06T21:40:34+08:00 ][ sql ] [ SQL ] SELECT * FROM `information_schema`.`columns` WHERE TABLE_SCHEMA = 'ky_you' AND table_name = 'fa_developer' ORDER BY ORDINAL_POSITION [ RunTime:0.001953s ]
[ 2019-08-06T21:40:34+08:00 ][ sql ] [ DB ] CONNECT:[ UseTime:0.003906s ] mysql:host=127.0.0.1;dbname=ky_you;charset=utf8
[ 2019-08-06T21:40:34+08:00 ][ sql ] [ SQL ] SHOW COLUMNS FROM `fa_auth_rule` [ RunTime:0.043942s ]
[ 2019-08-06T21:40:34+08:00 ][ sql ] [ SQL ] SELECT * FROM `fa_auth_rule` WHERE  `name` = 'developer' LIMIT 1 [ RunTime:0.001953s ]
[ 2019-08-06T21:40:34+08:00 ][ sql ] [ SQL ] INSERT INTO `fa_auth_rule` (`pid` , `name` , `title` , `icon` , `remark` , `ismenu` , `status` , `createtime` , `updatetime`) VALUES (0 , 'developer' , '测试管理' , 'fa fa-circle-o' , '' , 1 , 'normal' , 1565098834 , 1565098834) [ RunTime:0.004883s ]
[ 2019-08-06T21:40:34+08:00 ][ sql ] [ SQL ] SELECT `id` FROM `fa_auth_rule` WHERE  `name` = 'developer/index' LIMIT 1 [ RunTime:0.000977s ]
[ 2019-08-06T21:40:34+08:00 ][ sql ] [ SQL ] SELECT `id` FROM `fa_auth_rule` WHERE  `name` = 'developer/recyclebin' LIMIT 1 [ RunTime:0.000977s ]
[ 2019-08-06T21:40:34+08:00 ][ sql ] [ SQL ] SELECT `id` FROM `fa_auth_rule` WHERE  `name` = 'developer/add' LIMIT 1 [ RunTime:0.000000s ]
[ 2019-08-06T21:40:34+08:00 ][ sql ] [ SQL ] SELECT `id` FROM `fa_auth_rule` WHERE  `name` = 'developer/edit' LIMIT 1 [ RunTime:0.000000s ]
[ 2019-08-06T21:40:34+08:00 ][ sql ] [ SQL ] SELECT `id` FROM `fa_auth_rule` WHERE  `name` = 'developer/del' LIMIT 1 [ RunTime:0.000000s ]
[ 2019-08-06T21:40:34+08:00 ][ sql ] [ SQL ] SELECT `id` FROM `fa_auth_rule` WHERE  `name` = 'developer/destroy' LIMIT 1 [ RunTime:0.000977s ]
[ 2019-08-06T21:40:34+08:00 ][ sql ] [ SQL ] SELECT `id` FROM `fa_auth_rule` WHERE  `name` = 'developer/restore' LIMIT 1 [ RunTime:0.000000s ]
[ 2019-08-06T21:40:34+08:00 ][ sql ] [ SQL ] SELECT `id` FROM `fa_auth_rule` WHERE  `name` = 'developer/multi' LIMIT 1 [ RunTime:0.000000s ]
[ 2019-08-06T21:40:34+08:00 ][ sql ] [ SQL ] INSERT INTO `fa_auth_rule` (`id` , `pid` , `name` , `icon` , `title` , `ismenu` , `status` , `createtime` , `updatetime`) VALUES (NULL , 112 , 'developer/index' , 'fa fa-circle-o' , '查看' , 0 , 'normal' , 1565098834 , 1565098834) [ RunTime:0.021483s ]
[ 2019-08-06T21:40:34+08:00 ][ sql ] [ SQL ] INSERT INTO `fa_auth_rule` (`id` , `pid` , `name` , `icon` , `title` , `ismenu` , `status` , `createtime` , `updatetime`) VALUES (NULL , 112 , 'developer/recyclebin' , 'fa fa-circle-o' , '回收站' , 0 , 'normal' , 1565098834 , 1565098834) [ RunTime:0.000000s ]
[ 2019-08-06T21:40:34+08:00 ][ sql ] [ SQL ] INSERT INTO `fa_auth_rule` (`id` , `pid` , `name` , `icon` , `title` , `ismenu` , `status` , `createtime` , `updatetime`) VALUES (NULL , 112 , 'developer/add' , 'fa fa-circle-o' , '添加' , 0 , 'normal' , 1565098834 , 1565098834) [ RunTime:0.000000s ]
[ 2019-08-06T21:40:34+08:00 ][ sql ] [ SQL ] INSERT INTO `fa_auth_rule` (`id` , `pid` , `name` , `icon` , `title` , `ismenu` , `status` , `createtime` , `updatetime`) VALUES (NULL , 112 , 'developer/edit' , 'fa fa-circle-o' , '编辑' , 0 , 'normal' , 1565098834 , 1565098834) [ RunTime:0.000000s ]
[ 2019-08-06T21:40:34+08:00 ][ sql ] [ SQL ] INSERT INTO `fa_auth_rule` (`id` , `pid` , `name` , `icon` , `title` , `ismenu` , `status` , `createtime` , `updatetime`) VALUES (NULL , 112 , 'developer/del' , 'fa fa-circle-o' , '删除' , 0 , 'normal' , 1565098834 , 1565098834) [ RunTime:0.000000s ]
[ 2019-08-06T21:40:34+08:00 ][ sql ] [ SQL ] INSERT INTO `fa_auth_rule` (`id` , `pid` , `name` , `icon` , `title` , `ismenu` , `status` , `createtime` , `updatetime`) VALUES (NULL , 112 , 'developer/destroy' , 'fa fa-circle-o' , '真实删除' , 0 , 'normal' , 1565098834 , 1565098834) [ RunTime:0.000977s ]
[ 2019-08-06T21:40:34+08:00 ][ sql ] [ SQL ] INSERT INTO `fa_auth_rule` (`id` , `pid` , `name` , `icon` , `title` , `ismenu` , `status` , `createtime` , `updatetime`) VALUES (NULL , 112 , 'developer/restore' , 'fa fa-circle-o' , '还原' , 0 , 'normal' , 1565098834 , 1565098834) [ RunTime:0.000000s ]
[ 2019-08-06T21:40:34+08:00 ][ sql ] [ SQL ] INSERT INTO `fa_auth_rule` (`id` , `pid` , `name` , `icon` , `title` , `ismenu` , `status` , `createtime` , `updatetime`) VALUES (NULL , 112 , 'developer/multi' , 'fa fa-circle-o' , '批量更新' , 0 , 'normal' , 1565098834 , 1565098834) [ RunTime:0.000000s ]
[ 2019-08-06T21:45:41+08:00 ][ sql ] [ DB ] CONNECT:[ UseTime:0.023436s ] mysql:host=127.0.0.1;dbname=ky_you;charset=utf8
[ 2019-08-06T21:45:41+08:00 ][ sql ] [ SQL ] SHOW TABLE STATUS LIKE 'developer' [ RunTime:0.013671s ]
[ 2019-08-06T21:45:41+08:00 ][ sql ] [ SQL ] SHOW TABLE STATUS LIKE 'fa_developer' [ RunTime:0.015624s ]
[ 2019-08-06T21:50:56+08:00 ][ sql ] [ DB ] CONNECT:[ UseTime:0.010742s ] mysql:host=127.0.0.1;dbname=ky_you;charset=utf8
[ 2019-08-06T21:50:56+08:00 ][ sql ] [ SQL ] SHOW TABLE STATUS LIKE 'developer' [ RunTime:0.005859s ]
[ 2019-08-06T21:50:56+08:00 ][ sql ] [ SQL ] SHOW TABLE STATUS LIKE 'fa_developer' [ RunTime:0.005859s ]
[ 2019-08-06T21:50:56+08:00 ][ sql ] [ SQL ] SELECT * FROM `information_schema`.`columns` WHERE TABLE_SCHEMA = 'ky_you' AND table_name = 'fa_developer' ORDER BY ORDINAL_POSITION [ RunTime:0.004882s ]
[ 2019-08-06T21:51:15+08:00 ][ sql ] [ DB ] CONNECT:[ UseTime:0.002930s ] mysql:host=127.0.0.1;dbname=ky_you;charset=utf8
[ 2019-08-06T21:51:15+08:00 ][ sql ] [ SQL ] SHOW TABLE STATUS LIKE 'developer' [ RunTime:0.003906s ]
[ 2019-08-06T21:51:15+08:00 ][ sql ] [ SQL ] SHOW TABLE STATUS LIKE 'fa_developer' [ RunTime:0.003906s ]
[ 2019-08-06T21:51:15+08:00 ][ sql ] [ SQL ] SELECT * FROM `information_schema`.`columns` WHERE TABLE_SCHEMA = 'ky_you' AND table_name = 'fa_developer' ORDER BY ORDINAL_POSITION [ RunTime:0.001953s ]
[ 2019-08-06T21:52:18+08:00 ][ sql ] [ DB ] CONNECT:[ UseTime:0.028319s ] mysql:host=127.0.0.1;dbname=ky_you;charset=utf8
[ 2019-08-06T21:52:18+08:00 ][ sql ] [ SQL ] SHOW TABLE STATUS LIKE 'developer' [ RunTime:0.011718s ]
[ 2019-08-06T21:52:18+08:00 ][ sql ] [ SQL ] SHOW TABLE STATUS LIKE 'fa_developer' [ RunTime:0.005859s ]
[ 2019-08-06T21:52:42+08:00 ][ sql ] [ DB ] CONNECT:[ UseTime:0.000000s ] mysql:host=127.0.0.1;dbname=ky_you;charset=utf8
[ 2019-08-06T21:52:42+08:00 ][ sql ] [ SQL ] SHOW TABLE STATUS LIKE 'developer' [ RunTime:0.019530s ]
[ 2019-08-06T21:52:42+08:00 ][ sql ] [ SQL ] SHOW TABLE STATUS LIKE 'fa_developer' [ RunTime:0.001953s ]
[ 2019-08-06T21:52:42+08:00 ][ sql ] [ SQL ] SELECT * FROM `information_schema`.`columns` WHERE TABLE_SCHEMA = 'ky_you' AND table_name = 'fa_developer' ORDER BY ORDINAL_POSITION [ RunTime:0.000976s ]
[ 2019-08-06T21:54:55+08:00 ][ sql ] [ DB ] CONNECT:[ UseTime:0.002929s ] mysql:host=127.0.0.1;dbname=ky_you;charset=utf8
[ 2019-08-06T21:54:55+08:00 ][ sql ] [ SQL ] SHOW TABLE STATUS LIKE 'developer' [ RunTime:0.001953s ]
[ 2019-08-06T21:54:55+08:00 ][ sql ] [ SQL ] SHOW TABLE STATUS LIKE 'fa_developer' [ RunTime:0.003906s ]
[ 2019-08-06T21:59:06+08:00 ][ sql ] [ DB ] CONNECT:[ UseTime:0.002930s ] mysql:host=127.0.0.1;dbname=ky_you;charset=utf8
[ 2019-08-06T21:59:06+08:00 ][ sql ] [ SQL ] SHOW COLUMNS FROM `fa_auth_rule` [ RunTime:0.004883s ]
[ 2019-08-06T21:59:06+08:00 ][ sql ] [ SQL ] SELECT * FROM `fa_auth_rule` WHERE  `name` = 'test' LIMIT 1 [ RunTime:0.001953s ]
[ 2019-08-06T21:59:06+08:00 ][ sql ] [ SQL ] INSERT INTO `fa_auth_rule` (`pid` , `name` , `title` , `icon` , `remark` , `ismenu` , `status` , `createtime` , `updatetime`) VALUES (0 , 'test' , '测试管理' , 'fa fa-circle-o' , '' , 1 , 'normal' , 1565099946 , 1565099946) [ RunTime:0.103509s ]
[ 2019-08-06T21:59:06+08:00 ][ sql ] [ SQL ] SELECT `id` FROM `fa_auth_rule` WHERE  `name` = 'test/index' LIMIT 1 [ RunTime:0.000000s ]
[ 2019-08-06T21:59:06+08:00 ][ sql ] [ SQL ] SELECT `id` FROM `fa_auth_rule` WHERE  `name` = 'test/recyclebin' LIMIT 1 [ RunTime:0.000976s ]
[ 2019-08-06T21:59:06+08:00 ][ sql ] [ SQL ] SELECT `id` FROM `fa_auth_rule` WHERE  `name` = 'test/add' LIMIT 1 [ RunTime:0.000000s ]
[ 2019-08-06T21:59:06+08:00 ][ sql ] [ SQL ] SELECT `id` FROM `fa_auth_rule` WHERE  `name` = 'test/edit' LIMIT 1 [ RunTime:0.000000s ]
[ 2019-08-06T21:59:06+08:00 ][ sql ] [ SQL ] SELECT `id` FROM `fa_auth_rule` WHERE  `name` = 'test/del' LIMIT 1 [ RunTime:0.000976s ]
[ 2019-08-06T21:59:06+08:00 ][ sql ] [ SQL ] SELECT `id` FROM `fa_auth_rule` WHERE  `name` = 'test/destroy' LIMIT 1 [ RunTime:0.000977s ]
[ 2019-08-06T21:59:06+08:00 ][ sql ] [ SQL ] SELECT `id` FROM `fa_auth_rule` WHERE  `name` = 'test/restore' LIMIT 1 [ RunTime:0.000000s ]
[ 2019-08-06T21:59:06+08:00 ][ sql ] [ SQL ] SELECT `id` FROM `fa_auth_rule` WHERE  `name` = 'test/multi' LIMIT 1 [ RunTime:0.000976s ]
[ 2019-08-06T21:59:06+08:00 ][ sql ] [ SQL ] INSERT INTO `fa_auth_rule` (`id` , `pid` , `name` , `icon` , `title` , `ismenu` , `status` , `createtime` , `updatetime`) VALUES (NULL , 121 , 'test/index' , 'fa fa-circle-o' , '查看' , 0 , 'normal' , 1565099946 , 1565099946) [ RunTime:0.014647s ]
[ 2019-08-06T21:59:06+08:00 ][ sql ] [ SQL ] INSERT INTO `fa_auth_rule` (`id` , `pid` , `name` , `icon` , `title` , `ismenu` , `status` , `createtime` , `updatetime`) VALUES (NULL , 121 , 'test/recyclebin' , 'fa fa-circle-o' , '回收站' , 0 , 'normal' , 1565099946 , 1565099946) [ RunTime:0.000976s ]
[ 2019-08-06T21:59:06+08:00 ][ sql ] [ SQL ] INSERT INTO `fa_auth_rule` (`id` , `pid` , `name` , `icon` , `title` , `ismenu` , `status` , `createtime` , `updatetime`) VALUES (NULL , 121 , 'test/add' , 'fa fa-circle-o' , '添加' , 0 , 'normal' , 1565099946 , 1565099946) [ RunTime:0.000000s ]
[ 2019-08-06T21:59:06+08:00 ][ sql ] [ SQL ] INSERT INTO `fa_auth_rule` (`id` , `pid` , `name` , `icon` , `title` , `ismenu` , `status` , `createtime` , `updatetime`) VALUES (NULL , 121 , 'test/edit' , 'fa fa-circle-o' , '编辑' , 0 , 'normal' , 1565099946 , 1565099946) [ RunTime:0.000977s ]
[ 2019-08-06T21:59:06+08:00 ][ sql ] [ SQL ] INSERT INTO `fa_auth_rule` (`id` , `pid` , `name` , `icon` , `title` , `ismenu` , `status` , `createtime` , `updatetime`) VALUES (NULL , 121 , 'test/del' , 'fa fa-circle-o' , '删除' , 0 , 'normal' , 1565099946 , 1565099946) [ RunTime:0.000976s ]
[ 2019-08-06T21:59:06+08:00 ][ sql ] [ SQL ] INSERT INTO `fa_auth_rule` (`id` , `pid` , `name` , `icon` , `title` , `ismenu` , `status` , `createtime` , `updatetime`) VALUES (NULL , 121 , 'test/destroy' , 'fa fa-circle-o' , '真实删除' , 0 , 'normal' , 1565099946 , 1565099946) [ RunTime:0.000000s ]
[ 2019-08-06T21:59:06+08:00 ][ sql ] [ SQL ] INSERT INTO `fa_auth_rule` (`id` , `pid` , `name` , `icon` , `title` , `ismenu` , `status` , `createtime` , `updatetime`) VALUES (NULL , 121 , 'test/restore' , 'fa fa-circle-o' , '还原' , 0 , 'normal' , 1565099946 , 1565099946) [ RunTime:0.000977s ]
[ 2019-08-06T21:59:06+08:00 ][ sql ] [ SQL ] INSERT INTO `fa_auth_rule` (`id` , `pid` , `name` , `icon` , `title` , `ismenu` , `status` , `createtime` , `updatetime`) VALUES (NULL , 121 , 'test/multi' , 'fa fa-circle-o' , '批量更新' , 0 , 'normal' , 1565099946 , 1565099946) [ RunTime:0.000000s ]
[ 2019-08-06T22:01:41+08:00 ][ sql ] [ DB ] CONNECT:[ UseTime:0.002929s ] mysql:host=127.0.0.1;dbname=ky_you;charset=utf8
[ 2019-08-06T22:01:41+08:00 ][ sql ] [ SQL ] SHOW TABLE STATUS LIKE 'developer' [ RunTime:0.004882s ]
[ 2019-08-06T22:01:41+08:00 ][ sql ] [ SQL ] SHOW TABLE STATUS LIKE 'fa_developer' [ RunTime:0.025389s ]
[ 2019-08-06T22:01:41+08:00 ][ sql ] [ SQL ] SELECT * FROM `information_schema`.`columns` WHERE TABLE_SCHEMA = 'ky_you' AND table_name = 'fa_developer' ORDER BY ORDINAL_POSITION [ RunTime:0.000977s ]
[ 2019-08-06T22:01:41+08:00 ][ sql ] [ DB ] CONNECT:[ UseTime:0.002929s ] mysql:host=127.0.0.1;dbname=ky_you;charset=utf8
[ 2019-08-06T22:01:41+08:00 ][ sql ] [ SQL ] SHOW COLUMNS FROM `fa_auth_rule` [ RunTime:0.008788s ]
[ 2019-08-06T22:01:41+08:00 ][ sql ] [ SQL ] SELECT * FROM `fa_auth_rule` WHERE  `name` = 'developer' LIMIT 1 [ RunTime:0.001953s ]
[ 2019-08-06T22:01:41+08:00 ][ sql ] [ SQL ] INSERT INTO `fa_auth_rule` (`pid` , `name` , `title` , `icon` , `remark` , `ismenu` , `status` , `createtime` , `updatetime`) VALUES (0 , 'developer' , '项目管理' , 'fa fa-circle-o' , '' , 1 , 'normal' , 1565100101 , 1565100101) [ RunTime:0.007812s ]
[ 2019-08-06T22:01:41+08:00 ][ sql ] [ SQL ] SELECT `id` FROM `fa_auth_rule` WHERE  `name` = 'developer/index' LIMIT 1 [ RunTime:0.000977s ]
[ 2019-08-06T22:01:41+08:00 ][ sql ] [ SQL ] SELECT `id` FROM `fa_auth_rule` WHERE  `name` = 'developer/add' LIMIT 1 [ RunTime:0.000976s ]
[ 2019-08-06T22:01:41+08:00 ][ sql ] [ SQL ] SELECT `id` FROM `fa_auth_rule` WHERE  `name` = 'developer/edit' LIMIT 1 [ RunTime:0.000977s ]
[ 2019-08-06T22:01:41+08:00 ][ sql ] [ SQL ] SELECT `id` FROM `fa_auth_rule` WHERE  `name` = 'developer/del' LIMIT 1 [ RunTime:0.066402s ]
[ 2019-08-06T22:01:41+08:00 ][ sql ] [ SQL ] SELECT `id` FROM `fa_auth_rule` WHERE  `name` = 'developer/multi' LIMIT 1 [ RunTime:0.000976s ]
[ 2019-08-06T22:01:41+08:00 ][ sql ] [ SQL ] INSERT INTO `fa_auth_rule` (`id` , `pid` , `name` , `icon` , `title` , `ismenu` , `status` , `createtime` , `updatetime`) VALUES (NULL , 130 , 'developer/index' , 'fa fa-circle-o' , '查看' , 0 , 'normal' , 1565100101 , 1565100101) [ RunTime:0.033201s ]
[ 2019-08-06T22:01:41+08:00 ][ sql ] [ SQL ] INSERT INTO `fa_auth_rule` (`id` , `pid` , `name` , `icon` , `title` , `ismenu` , `status` , `createtime` , `updatetime`) VALUES (NULL , 130 , 'developer/add' , 'fa fa-circle-o' , '添加' , 0 , 'normal' , 1565100101 , 1565100101) [ RunTime:0.000000s ]
[ 2019-08-06T22:01:41+08:00 ][ sql ] [ SQL ] INSERT INTO `fa_auth_rule` (`id` , `pid` , `name` , `icon` , `title` , `ismenu` , `status` , `createtime` , `updatetime`) VALUES (NULL , 130 , 'developer/edit' , 'fa fa-circle-o' , '编辑' , 0 , 'normal' , 1565100101 , 1565100101) [ RunTime:0.000000s ]
[ 2019-08-06T22:01:41+08:00 ][ sql ] [ SQL ] INSERT INTO `fa_auth_rule` (`id` , `pid` , `name` , `icon` , `title` , `ismenu` , `status` , `createtime` , `updatetime`) VALUES (NULL , 130 , 'developer/del' , 'fa fa-circle-o' , '删除' , 0 , 'normal' , 1565100101 , 1565100101) [ RunTime:0.000976s ]
[ 2019-08-06T22:01:41+08:00 ][ sql ] [ SQL ] INSERT INTO `fa_auth_rule` (`id` , `pid` , `name` , `icon` , `title` , `ismenu` , `status` , `createtime` , `updatetime`) VALUES (NULL , 130 , 'developer/multi' , 'fa fa-circle-o' , '批量更新' , 0 , 'normal' , 1565100101 , 1565100101) [ RunTime:0.000000s ]
[ 2019-08-06T22:04:40+08:00 ][ sql ] [ DB ] CONNECT:[ UseTime:0.002929s ] mysql:host=127.0.0.1;dbname=ky_you;charset=utf8
[ 2019-08-06T22:04:40+08:00 ][ sql ] [ SQL ] SHOW TABLE STATUS LIKE 'developer' [ RunTime:0.000976s ]
[ 2019-08-06T22:04:40+08:00 ][ sql ] [ SQL ] SHOW TABLE STATUS LIKE 'fa_developer' [ RunTime:0.001953s ]
[ 2019-08-06T22:04:58+08:00 ][ sql ] [ DB ] CONNECT:[ UseTime:0.002930s ] mysql:host=127.0.0.1;dbname=ky_you;charset=utf8
[ 2019-08-06T22:04:58+08:00 ][ sql ] [ SQL ] SHOW TABLE STATUS LIKE 'test' [ RunTime:0.004882s ]
[ 2019-08-06T22:04:58+08:00 ][ sql ] [ SQL ] SHOW TABLE STATUS LIKE 'fa_test' [ RunTime:0.004882s ]
[ 2019-08-06T22:05:43+08:00 ][ sql ] [ DB ] CONNECT:[ UseTime:0.001953s ] mysql:host=127.0.0.1;dbname=ky_you;charset=utf8
[ 2019-08-06T22:05:43+08:00 ][ sql ] [ SQL ] SHOW TABLE STATUS LIKE 'test' [ RunTime:0.001953s ]
[ 2019-08-06T22:05:43+08:00 ][ sql ] [ SQL ] SHOW TABLE STATUS LIKE 'fa_test' [ RunTime:0.002929s ]
[ 2019-08-06T22:05:43+08:00 ][ sql ] [ SQL ] SELECT * FROM `information_schema`.`columns` WHERE TABLE_SCHEMA = 'ky_you' AND table_name = 'fa_test' ORDER BY ORDINAL_POSITION [ RunTime:0.003906s ]
[ 2019-08-06T22:08:35+08:00 ][ sql ] [ DB ] CONNECT:[ UseTime:0.004883s ] mysql:host=127.0.0.1;dbname=ky_you;charset=utf8
[ 2019-08-06T22:08:35+08:00 ][ sql ] [ SQL ] SHOW TABLE STATUS LIKE 'developer' [ RunTime:0.012696s ]
[ 2019-08-06T22:08:35+08:00 ][ sql ] [ SQL ] SHOW TABLE STATUS LIKE 'fa_developer' [ RunTime:0.015626s ]
[ 2019-08-06T22:08:35+08:00 ][ sql ] [ SQL ] SELECT * FROM `information_schema`.`columns` WHERE TABLE_SCHEMA = 'ky_you' AND table_name = 'fa_developer' ORDER BY ORDINAL_POSITION [ RunTime:0.002930s ]
[ 2019-08-06T22:09:36+08:00 ][ sql ] [ DB ] CONNECT:[ UseTime:0.004883s ] mysql:host=127.0.0.1;dbname=ky_you;charset=utf8
[ 2019-08-06T22:09:37+08:00 ][ sql ] [ SQL ] SHOW COLUMNS FROM `fa_auth_rule` [ RunTime:0.003906s ]
[ 2019-08-06T22:09:37+08:00 ][ sql ] [ SQL ] SELECT * FROM `fa_auth_rule` WHERE  `name` = 'developer' LIMIT 1 [ RunTime:0.001953s ]
[ 2019-08-06T22:09:37+08:00 ][ sql ] [ SQL ] INSERT INTO `fa_auth_rule` (`pid` , `name` , `title` , `icon` , `remark` , `ismenu` , `status` , `createtime` , `updatetime`) VALUES (0 , 'developer' , '项目管理' , 'fa fa-circle-o' , '' , 1 , 'normal' , 1565100577 , 1565100577) [ RunTime:0.011719s ]
[ 2019-08-06T22:09:37+08:00 ][ sql ] [ SQL ] SELECT `id` FROM `fa_auth_rule` WHERE  `name` = 'developer/index' LIMIT 1 [ RunTime:0.000977s ]
[ 2019-08-06T22:09:37+08:00 ][ sql ] [ SQL ] SELECT `id` FROM `fa_auth_rule` WHERE  `name` = 'developer/add' LIMIT 1 [ RunTime:0.000977s ]
[ 2019-08-06T22:09:37+08:00 ][ sql ] [ SQL ] SELECT `id` FROM `fa_auth_rule` WHERE  `name` = 'developer/edit' LIMIT 1 [ RunTime:0.000000s ]
[ 2019-08-06T22:09:37+08:00 ][ sql ] [ SQL ] SELECT `id` FROM `fa_auth_rule` WHERE  `name` = 'developer/del' LIMIT 1 [ RunTime:0.000000s ]
[ 2019-08-06T22:09:37+08:00 ][ sql ] [ SQL ] SELECT `id` FROM `fa_auth_rule` WHERE  `name` = 'developer/multi' LIMIT 1 [ RunTime:0.000000s ]
[ 2019-08-06T22:09:37+08:00 ][ sql ] [ SQL ] INSERT INTO `fa_auth_rule` (`id` , `pid` , `name` , `icon` , `title` , `ismenu` , `status` , `createtime` , `updatetime`) VALUES (NULL , 136 , 'developer/index' , 'fa fa-circle-o' , '查看' , 0 , 'normal' , 1565100577 , 1565100577) [ RunTime:0.031251s ]
[ 2019-08-06T22:09:37+08:00 ][ sql ] [ SQL ] INSERT INTO `fa_auth_rule` (`id` , `pid` , `name` , `icon` , `title` , `ismenu` , `status` , `createtime` , `updatetime`) VALUES (NULL , 136 , 'developer/add' , 'fa fa-circle-o' , '添加' , 0 , 'normal' , 1565100577 , 1565100577) [ RunTime:0.000976s ]
[ 2019-08-06T22:09:37+08:00 ][ sql ] [ SQL ] INSERT INTO `fa_auth_rule` (`id` , `pid` , `name` , `icon` , `title` , `ismenu` , `status` , `createtime` , `updatetime`) VALUES (NULL , 136 , 'developer/edit' , 'fa fa-circle-o' , '编辑' , 0 , 'normal' , 1565100577 , 1565100577) [ RunTime:0.000000s ]
[ 2019-08-06T22:09:37+08:00 ][ sql ] [ SQL ] INSERT INTO `fa_auth_rule` (`id` , `pid` , `name` , `icon` , `title` , `ismenu` , `status` , `createtime` , `updatetime`) VALUES (NULL , 136 , 'developer/del' , 'fa fa-circle-o' , '删除' , 0 , 'normal' , 1565100577 , 1565100577) [ RunTime:0.000977s ]
[ 2019-08-06T22:09:37+08:00 ][ sql ] [ SQL ] INSERT INTO `fa_auth_rule` (`id` , `pid` , `name` , `icon` , `title` , `ismenu` , `status` , `createtime` , `updatetime`) VALUES (NULL , 136 , 'developer/multi' , 'fa fa-circle-o' , '批量更新' , 0 , 'normal' , 1565100577 , 1565100577) [ RunTime:0.000977s ]
[ 2019-08-06T22:12:05+08:00 ][ sql ] [ DB ] CONNECT:[ UseTime:0.001953s ] mysql:host=127.0.0.1;dbname=ky_you;charset=utf8
[ 2019-08-06T22:12:05+08:00 ][ sql ] [ SQL ] SHOW TABLE STATUS LIKE 'developer' [ RunTime:0.001953s ]
[ 2019-08-06T22:12:05+08:00 ][ sql ] [ SQL ] SHOW TABLE STATUS LIKE 'fa_developer' [ RunTime:0.002930s ]
[ 2019-08-06T22:12:25+08:00 ][ sql ] [ DB ] CONNECT:[ UseTime:0.016602s ] mysql:host=127.0.0.1;dbname=ky_you;charset=utf8
[ 2019-08-06T22:12:25+08:00 ][ sql ] [ SQL ] SHOW TABLE STATUS LIKE 'developer' [ RunTime:0.052737s ]
[ 2019-08-06T22:12:25+08:00 ][ sql ] [ SQL ] SHOW TABLE STATUS LIKE 'fa_developer' [ RunTime:0.000977s ]
[ 2019-08-06T22:12:32+08:00 ][ sql ] [ DB ] CONNECT:[ UseTime:0.001954s ] mysql:host=127.0.0.1;dbname=ky_you;charset=utf8
[ 2019-08-06T22:12:32+08:00 ][ sql ] [ SQL ] SHOW TABLE STATUS LIKE 'develop' [ RunTime:0.019532s ]
[ 2019-08-06T22:12:32+08:00 ][ sql ] [ SQL ] SHOW TABLE STATUS LIKE 'fa_develop' [ RunTime:0.002929s ]
[ 2019-08-06T22:12:32+08:00 ][ sql ] [ SQL ] SELECT * FROM `information_schema`.`columns` WHERE TABLE_SCHEMA = 'ky_you' AND table_name = 'fa_develop' ORDER BY ORDINAL_POSITION [ RunTime:0.002930s ]
[ 2019-08-06T22:12:32+08:00 ][ sql ] [ DB ] CONNECT:[ UseTime:0.024415s ] mysql:host=127.0.0.1;dbname=ky_you;charset=utf8
[ 2019-08-06T22:12:32+08:00 ][ sql ] [ SQL ] SHOW COLUMNS FROM `fa_auth_rule` [ RunTime:0.020508s ]
[ 2019-08-06T22:12:32+08:00 ][ sql ] [ SQL ] SELECT * FROM `fa_auth_rule` WHERE  `name` = 'develop' LIMIT 1 [ RunTime:0.003906s ]
[ 2019-08-06T22:12:33+08:00 ][ sql ] [ SQL ] INSERT INTO `fa_auth_rule` (`pid` , `name` , `title` , `icon` , `remark` , `ismenu` , `status` , `createtime` , `updatetime`) VALUES (0 , 'develop' , '项目管理' , 'fa fa-circle-o' , '' , 1 , 'normal' , 1565100752 , 1565100752) [ RunTime:0.217782s ]
[ 2019-08-06T22:12:33+08:00 ][ sql ] [ SQL ] SELECT `id` FROM `fa_auth_rule` WHERE  `name` = 'develop/index' LIMIT 1 [ RunTime:0.000000s ]
[ 2019-08-06T22:12:33+08:00 ][ sql ] [ SQL ] SELECT `id` FROM `fa_auth_rule` WHERE  `name` = 'develop/add' LIMIT 1 [ RunTime:0.000976s ]
[ 2019-08-06T22:12:33+08:00 ][ sql ] [ SQL ] SELECT `id` FROM `fa_auth_rule` WHERE  `name` = 'develop/edit' LIMIT 1 [ RunTime:0.000000s ]
[ 2019-08-06T22:12:33+08:00 ][ sql ] [ SQL ] SELECT `id` FROM `fa_auth_rule` WHERE  `name` = 'develop/del' LIMIT 1 [ RunTime:0.000000s ]
[ 2019-08-06T22:12:33+08:00 ][ sql ] [ SQL ] SELECT `id` FROM `fa_auth_rule` WHERE  `name` = 'develop/multi' LIMIT 1 [ RunTime:0.000976s ]
[ 2019-08-06T22:12:33+08:00 ][ sql ] [ SQL ] INSERT INTO `fa_auth_rule` (`id` , `pid` , `name` , `icon` , `title` , `ismenu` , `status` , `createtime` , `updatetime`) VALUES (NULL , 142 , 'develop/index' , 'fa fa-circle-o' , '查看' , 0 , 'normal' , 1565100753 , 1565100753) [ RunTime:0.017579s ]
[ 2019-08-06T22:12:33+08:00 ][ sql ] [ SQL ] INSERT INTO `fa_auth_rule` (`id` , `pid` , `name` , `icon` , `title` , `ismenu` , `status` , `createtime` , `updatetime`) VALUES (NULL , 142 , 'develop/add' , 'fa fa-circle-o' , '添加' , 0 , 'normal' , 1565100753 , 1565100753) [ RunTime:0.000976s ]
[ 2019-08-06T22:12:33+08:00 ][ sql ] [ SQL ] INSERT INTO `fa_auth_rule` (`id` , `pid` , `name` , `icon` , `title` , `ismenu` , `status` , `createtime` , `updatetime`) VALUES (NULL , 142 , 'develop/edit' , 'fa fa-circle-o' , '编辑' , 0 , 'normal' , 1565100753 , 1565100753) [ RunTime:0.000000s ]
[ 2019-08-06T22:12:33+08:00 ][ sql ] [ SQL ] INSERT INTO `fa_auth_rule` (`id` , `pid` , `name` , `icon` , `title` , `ismenu` , `status` , `createtime` , `updatetime`) VALUES (NULL , 142 , 'develop/del' , 'fa fa-circle-o' , '删除' , 0 , 'normal' , 1565100753 , 1565100753) [ RunTime:0.000000s ]
[ 2019-08-06T22:12:33+08:00 ][ sql ] [ SQL ] INSERT INTO `fa_auth_rule` (`id` , `pid` , `name` , `icon` , `title` , `ismenu` , `status` , `createtime` , `updatetime`) VALUES (NULL , 142 , 'develop/multi' , 'fa fa-circle-o' , '批量更新' , 0 , 'normal' , 1565100753 , 1565100753) [ RunTime:0.000000s ]
[ 2019-08-06T22:14:12+08:00 ][ sql ] [ DB ] CONNECT:[ UseTime:0.002930s ] mysql:host=127.0.0.1;dbname=ky_you;charset=utf8
[ 2019-08-06T22:14:12+08:00 ][ sql ] [ SQL ] SHOW TABLE STATUS LIKE 'developer' [ RunTime:0.002930s ]
[ 2019-08-06T22:14:12+08:00 ][ sql ] [ SQL ] SHOW TABLE STATUS LIKE 'fa_developer' [ RunTime:0.000977s ]
[ 2019-08-06T22:14:15+08:00 ][ sql ] [ DB ] CONNECT:[ UseTime:0.002929s ] mysql:host=127.0.0.1;dbname=ky_you;charset=utf8
[ 2019-08-06T22:14:15+08:00 ][ sql ] [ SQL ] SHOW TABLE STATUS LIKE 'develop' [ RunTime:0.003907s ]
[ 2019-08-06T22:14:15+08:00 ][ sql ] [ SQL ] SHOW TABLE STATUS LIKE 'fa_develop' [ RunTime:0.001953s ]
[ 2019-08-06T22:14:43+08:00 ][ sql ] [ DB ] CONNECT:[ UseTime:0.003907s ] mysql:host=127.0.0.1;dbname=ky_you;charset=utf8
[ 2019-08-06T22:14:43+08:00 ][ sql ] [ SQL ] SHOW TABLE STATUS LIKE 'develop' [ RunTime:0.004883s ]
[ 2019-08-06T22:14:43+08:00 ][ sql ] [ SQL ] SHOW TABLE STATUS LIKE 'fa_develop' [ RunTime:0.002930s ]
[ 2019-08-06T22:34:03+08:00 ][ sql ] [ DB ] CONNECT:[ UseTime:0.039064s ] mysql:host=127.0.0.1;dbname=ky_you;charset=utf8
[ 2019-08-06T22:34:03+08:00 ][ sql ] [ SQL ] SHOW TABLE STATUS LIKE 'project_manager' [ RunTime:0.003907s ]
[ 2019-08-06T22:34:03+08:00 ][ sql ] [ SQL ] SHOW TABLE STATUS LIKE 'fa_project_manager' [ RunTime:0.002930s ]
[ 2019-08-06T22:34:03+08:00 ][ sql ] [ SQL ] SELECT * FROM `information_schema`.`columns` WHERE TABLE_SCHEMA = 'ky_you' AND table_name = 'fa_project_manager' ORDER BY ORDINAL_POSITION [ RunTime:0.001953s ]
[ 2019-08-06T22:34:03+08:00 ][ sql ] [ DB ] CONNECT:[ UseTime:0.002930s ] mysql:host=127.0.0.1;dbname=ky_you;charset=utf8
[ 2019-08-06T22:34:03+08:00 ][ sql ] [ SQL ] SHOW COLUMNS FROM `fa_auth_rule` [ RunTime:0.003906s ]
[ 2019-08-06T22:34:03+08:00 ][ sql ] [ SQL ] SELECT * FROM `fa_auth_rule` WHERE  `name` = 'project_manager' LIMIT 1 [ RunTime:0.001953s ]
[ 2019-08-06T22:34:03+08:00 ][ sql ] [ SQL ] INSERT INTO `fa_auth_rule` (`pid` , `name` , `title` , `icon` , `remark` , `ismenu` , `status` , `createtime` , `updatetime`) VALUES (0 , 'project_manager' , '项目管理' , 'fa fa-circle-o' , '' , 1 , 'normal' , 1565102043 , 1565102043) [ RunTime:0.015626s ]
[ 2019-08-06T22:34:03+08:00 ][ sql ] [ SQL ] SELECT `id` FROM `fa_auth_rule` WHERE  `name` = 'project_manager/index' LIMIT 1 [ RunTime:0.000976s ]
[ 2019-08-06T22:34:03+08:00 ][ sql ] [ SQL ] SELECT `id` FROM `fa_auth_rule` WHERE  `name` = 'project_manager/add' LIMIT 1 [ RunTime:0.000977s ]
[ 2019-08-06T22:34:03+08:00 ][ sql ] [ SQL ] SELECT `id` FROM `fa_auth_rule` WHERE  `name` = 'project_manager/edit' LIMIT 1 [ RunTime:0.000976s ]
[ 2019-08-06T22:34:03+08:00 ][ sql ] [ SQL ] SELECT `id` FROM `fa_auth_rule` WHERE  `name` = 'project_manager/del' LIMIT 1 [ RunTime:0.000000s ]
[ 2019-08-06T22:34:03+08:00 ][ sql ] [ SQL ] SELECT `id` FROM `fa_auth_rule` WHERE  `name` = 'project_manager/multi' LIMIT 1 [ RunTime:0.000000s ]
[ 2019-08-06T22:34:03+08:00 ][ sql ] [ SQL ] INSERT INTO `fa_auth_rule` (`id` , `pid` , `name` , `icon` , `title` , `ismenu` , `status` , `createtime` , `updatetime`) VALUES (NULL , 148 , 'project_manager/index' , 'fa fa-circle-o' , '查看' , 0 , 'normal' , 1565102043 , 1565102043) [ RunTime:0.002930s ]
[ 2019-08-06T22:34:03+08:00 ][ sql ] [ SQL ] INSERT INTO `fa_auth_rule` (`id` , `pid` , `name` , `icon` , `title` , `ismenu` , `status` , `createtime` , `updatetime`) VALUES (NULL , 148 , 'project_manager/add' , 'fa fa-circle-o' , '添加' , 0 , 'normal' , 1565102043 , 1565102043) [ RunTime:0.000977s ]
[ 2019-08-06T22:34:03+08:00 ][ sql ] [ SQL ] INSERT INTO `fa_auth_rule` (`id` , `pid` , `name` , `icon` , `title` , `ismenu` , `status` , `createtime` , `updatetime`) VALUES (NULL , 148 , 'project_manager/edit' , 'fa fa-circle-o' , '编辑' , 0 , 'normal' , 1565102043 , 1565102043) [ RunTime:0.000977s ]
[ 2019-08-06T22:34:03+08:00 ][ sql ] [ SQL ] INSERT INTO `fa_auth_rule` (`id` , `pid` , `name` , `icon` , `title` , `ismenu` , `status` , `createtime` , `updatetime`) VALUES (NULL , 148 , 'project_manager/del' , 'fa fa-circle-o' , '删除' , 0 , 'normal' , 1565102043 , 1565102043) [ RunTime:0.000976s ]
[ 2019-08-06T22:34:03+08:00 ][ sql ] [ SQL ] INSERT INTO `fa_auth_rule` (`id` , `pid` , `name` , `icon` , `title` , `ismenu` , `status` , `createtime` , `updatetime`) VALUES (NULL , 148 , 'project_manager/multi' , 'fa fa-circle-o' , '批量更新' , 0 , 'normal' , 1565102043 , 1565102043) [ RunTime:0.000000s ]
[ 2019-08-06T22:35:49+08:00 ][ sql ] [ DB ] CONNECT:[ UseTime:0.005860s ] mysql:host=127.0.0.1;dbname=ky_you;charset=utf8
[ 2019-08-06T22:35:49+08:00 ][ sql ] [ SQL ] SHOW TABLE STATUS LIKE 'project_manager' [ RunTime:0.002929s ]
[ 2019-08-06T22:35:49+08:00 ][ sql ] [ SQL ] SHOW TABLE STATUS LIKE 'fa_project_manager' [ RunTime:0.001953s ]
[ 2019-08-06T22:36:00+08:00 ][ sql ] [ DB ] CONNECT:[ UseTime:0.002929s ] mysql:host=127.0.0.1;dbname=ky_you;charset=utf8
[ 2019-08-06T22:36:00+08:00 ][ sql ] [ SQL ] SHOW TABLE STATUS LIKE 'project_manager' [ RunTime:0.002930s ]
[ 2019-08-06T22:36:00+08:00 ][ sql ] [ SQL ] SHOW TABLE STATUS LIKE 'fa_project_manager' [ RunTime:0.001953s ]
[ 2019-08-06T22:36:00+08:00 ][ sql ] [ SQL ] SELECT * FROM `information_schema`.`columns` WHERE TABLE_SCHEMA = 'ky_you' AND table_name = 'fa_project_manager' ORDER BY ORDINAL_POSITION [ RunTime:0.002930s ]
[ 2019-08-06T22:37:39+08:00 ][ sql ] [ DB ] CONNECT:[ UseTime:0.003907s ] mysql:host=127.0.0.1;dbname=ky_you;charset=utf8
[ 2019-08-06T22:37:39+08:00 ][ sql ] [ SQL ] SHOW COLUMNS FROM `fa_auth_rule` [ RunTime:0.004883s ]
[ 2019-08-06T22:37:39+08:00 ][ sql ] [ SQL ] SELECT * FROM `fa_auth_rule` WHERE  `name` = 'project_manager' LIMIT 1 [ RunTime:0.000976s ]
[ 2019-08-06T22:37:39+08:00 ][ sql ] [ SQL ] INSERT INTO `fa_auth_rule` (`pid` , `name` , `title` , `icon` , `remark` , `ismenu` , `status` , `createtime` , `updatetime`) VALUES (0 , 'project_manager' , '项目管理' , 'fa fa-circle-o' , '' , 1 , 'normal' , 1565102259 , 1565102259) [ RunTime:0.021485s ]
[ 2019-08-06T22:37:39+08:00 ][ sql ] [ SQL ] SELECT `id` FROM `fa_auth_rule` WHERE  `name` = 'project_manager/index' LIMIT 1 [ RunTime:0.000976s ]
[ 2019-08-06T22:37:39+08:00 ][ sql ] [ SQL ] SELECT `id` FROM `fa_auth_rule` WHERE  `name` = 'project_manager/add' LIMIT 1 [ RunTime:0.000976s ]
[ 2019-08-06T22:37:39+08:00 ][ sql ] [ SQL ] SELECT `id` FROM `fa_auth_rule` WHERE  `name` = 'project_manager/edit' LIMIT 1 [ RunTime:0.000000s ]
[ 2019-08-06T22:37:39+08:00 ][ sql ] [ SQL ] SELECT `id` FROM `fa_auth_rule` WHERE  `name` = 'project_manager/del' LIMIT 1 [ RunTime:0.000977s ]
[ 2019-08-06T22:37:39+08:00 ][ sql ] [ SQL ] SELECT `id` FROM `fa_auth_rule` WHERE  `name` = 'project_manager/multi' LIMIT 1 [ RunTime:0.000000s ]
[ 2019-08-06T22:37:39+08:00 ][ sql ] [ SQL ] INSERT INTO `fa_auth_rule` (`id` , `pid` , `name` , `icon` , `title` , `ismenu` , `status` , `createtime` , `updatetime`) VALUES (NULL , 154 , 'project_manager/index' , 'fa fa-circle-o' , '查看' , 0 , 'normal' , 1565102259 , 1565102259) [ RunTime:0.032228s ]
[ 2019-08-06T22:37:39+08:00 ][ sql ] [ SQL ] INSERT INTO `fa_auth_rule` (`id` , `pid` , `name` , `icon` , `title` , `ismenu` , `status` , `createtime` , `updatetime`) VALUES (NULL , 154 , 'project_manager/add' , 'fa fa-circle-o' , '添加' , 0 , 'normal' , 1565102259 , 1565102259) [ RunTime:0.000000s ]
[ 2019-08-06T22:37:39+08:00 ][ sql ] [ SQL ] INSERT INTO `fa_auth_rule` (`id` , `pid` , `name` , `icon` , `title` , `ismenu` , `status` , `createtime` , `updatetime`) VALUES (NULL , 154 , 'project_manager/edit' , 'fa fa-circle-o' , '编辑' , 0 , 'normal' , 1565102259 , 1565102259) [ RunTime:0.000000s ]
[ 2019-08-06T22:37:39+08:00 ][ sql ] [ SQL ] INSERT INTO `fa_auth_rule` (`id` , `pid` , `name` , `icon` , `title` , `ismenu` , `status` , `createtime` , `updatetime`) VALUES (NULL , 154 , 'project_manager/del' , 'fa fa-circle-o' , '删除' , 0 , 'normal' , 1565102259 , 1565102259) [ RunTime:0.000000s ]
[ 2019-08-06T22:37:39+08:00 ][ sql ] [ SQL ] INSERT INTO `fa_auth_rule` (`id` , `pid` , `name` , `icon` , `title` , `ismenu` , `status` , `createtime` , `updatetime`) VALUES (NULL , 154 , 'project_manager/multi' , 'fa fa-circle-o' , '批量更新' , 0 , 'normal' , 1565102259 , 1565102259) [ RunTime:0.000977s ]
[ 2019-08-06T22:39:31+08:00 ][ sql ] [ DB ] CONNECT:[ UseTime:0.001953s ] mysql:host=127.0.0.1;dbname=ky_you;charset=utf8
[ 2019-08-06T22:39:31+08:00 ][ sql ] [ SQL ] SHOW TABLE STATUS LIKE 'project_manager' [ RunTime:0.004883s ]
[ 2019-08-06T22:39:31+08:00 ][ sql ] [ SQL ] SHOW TABLE STATUS LIKE 'fa_project_manager' [ RunTime:0.000976s ]
[ 2019-08-06T22:39:45+08:00 ][ sql ] [ DB ] CONNECT:[ UseTime:0.002930s ] mysql:host=127.0.0.1;dbname=ky_you;charset=utf8
[ 2019-08-06T22:39:45+08:00 ][ sql ] [ SQL ] SHOW TABLE STATUS LIKE 'project_manager' [ RunTime:0.002930s ]
[ 2019-08-06T22:39:45+08:00 ][ sql ] [ SQL ] SHOW TABLE STATUS LIKE 'fa_project_manager' [ RunTime:0.001953s ]
[ 2019-08-06T22:39:45+08:00 ][ sql ] [ SQL ] SELECT * FROM `information_schema`.`columns` WHERE TABLE_SCHEMA = 'ky_you' AND table_name = 'fa_project_manager' ORDER BY ORDINAL_POSITION [ RunTime:0.001953s ]
[ 2019-08-06T22:39:45+08:00 ][ sql ] [ DB ] CONNECT:[ UseTime:0.002930s ] mysql:host=127.0.0.1;dbname=ky_you;charset=utf8
[ 2019-08-06T22:39:45+08:00 ][ sql ] [ SQL ] SHOW COLUMNS FROM `fa_auth_rule` [ RunTime:0.008789s ]
[ 2019-08-06T22:39:45+08:00 ][ sql ] [ SQL ] SELECT * FROM `fa_auth_rule` WHERE  `name` = 'project_manager' LIMIT 1 [ RunTime:0.000977s ]
[ 2019-08-06T22:39:45+08:00 ][ sql ] [ SQL ] INSERT INTO `fa_auth_rule` (`pid` , `name` , `title` , `icon` , `remark` , `ismenu` , `status` , `createtime` , `updatetime`) VALUES (0 , 'project_manager' , '项目管理' , 'fa fa-circle-o' , '' , 1 , 'normal' , 1565102385 , 1565102385) [ RunTime:0.019532s ]
[ 2019-08-06T22:39:45+08:00 ][ sql ] [ SQL ] SELECT `id` FROM `fa_auth_rule` WHERE  `name` = 'project_manager/index' LIMIT 1 [ RunTime:0.000977s ]
[ 2019-08-06T22:39:45+08:00 ][ sql ] [ SQL ] SELECT `id` FROM `fa_auth_rule` WHERE  `name` = 'project_manager/add' LIMIT 1 [ RunTime:0.000976s ]
[ 2019-08-06T22:39:45+08:00 ][ sql ] [ SQL ] SELECT `id` FROM `fa_auth_rule` WHERE  `name` = 'project_manager/edit' LIMIT 1 [ RunTime:0.000000s ]
[ 2019-08-06T22:39:45+08:00 ][ sql ] [ SQL ] SELECT `id` FROM `fa_auth_rule` WHERE  `name` = 'project_manager/del' LIMIT 1 [ RunTime:0.000000s ]
[ 2019-08-06T22:39:45+08:00 ][ sql ] [ SQL ] SELECT `id` FROM `fa_auth_rule` WHERE  `name` = 'project_manager/multi' LIMIT 1 [ RunTime:0.000000s ]
[ 2019-08-06T22:39:45+08:00 ][ sql ] [ SQL ] INSERT INTO `fa_auth_rule` (`id` , `pid` , `name` , `icon` , `title` , `ismenu` , `status` , `createtime` , `updatetime`) VALUES (NULL , 160 , 'project_manager/index' , 'fa fa-circle-o' , '查看' , 0 , 'normal' , 1565102385 , 1565102385) [ RunTime:0.064456s ]
[ 2019-08-06T22:39:45+08:00 ][ sql ] [ SQL ] INSERT INTO `fa_auth_rule` (`id` , `pid` , `name` , `icon` , `title` , `ismenu` , `status` , `createtime` , `updatetime`) VALUES (NULL , 160 , 'project_manager/add' , 'fa fa-circle-o' , '添加' , 0 , 'normal' , 1565102385 , 1565102385) [ RunTime:0.001954s ]
[ 2019-08-06T22:39:45+08:00 ][ sql ] [ SQL ] INSERT INTO `fa_auth_rule` (`id` , `pid` , `name` , `icon` , `title` , `ismenu` , `status` , `createtime` , `updatetime`) VALUES (NULL , 160 , 'project_manager/edit' , 'fa fa-circle-o' , '编辑' , 0 , 'normal' , 1565102385 , 1565102385) [ RunTime:0.003907s ]
[ 2019-08-06T22:39:45+08:00 ][ sql ] [ SQL ] INSERT INTO `fa_auth_rule` (`id` , `pid` , `name` , `icon` , `title` , `ismenu` , `status` , `createtime` , `updatetime`) VALUES (NULL , 160 , 'project_manager/del' , 'fa fa-circle-o' , '删除' , 0 , 'normal' , 1565102385 , 1565102385) [ RunTime:0.000977s ]
[ 2019-08-06T22:39:45+08:00 ][ sql ] [ SQL ] INSERT INTO `fa_auth_rule` (`id` , `pid` , `name` , `icon` , `title` , `ismenu` , `status` , `createtime` , `updatetime`) VALUES (NULL , 160 , 'project_manager/multi' , 'fa fa-circle-o' , '批量更新' , 0 , 'normal' , 1565102385 , 1565102385) [ RunTime:0.000976s ]
