[ 2019-08-07T21:25:13+08:00 ][ sql ] [ DB ] CONNECT:[ UseTime:0.027345s ] mysql:host=127.0.0.1;dbname=ky_you;charset=utf8
[ 2019-08-07T21:25:13+08:00 ][ sql ] [ SQL ] SHOW COLUMNS FROM `fa_auth_rule` [ RunTime:0.002930s ]
[ 2019-08-07T21:25:13+08:00 ][ sql ] [ SQL ] SELECT * FROM `fa_auth_rule` WHERE  (  `name` LIKE 'project\\_manager%' ) [ RunTime:0.035157s ]
[ 2019-08-07T21:26:02+08:00 ][ sql ] [ SQL ] SELECT * FROM `fa_auth_rule` WHERE  `id` IN (160,162,164,163,161,165) [ RunTime:0.022462s ]
[ 2019-08-07T21:26:02+08:00 ][ sql ] [ SQL ] DELETE FROM `fa_auth_rule`    WHERE  `id` = 160 [ RunTime:0.095707s ]
[ 2019-08-07T21:26:02+08:00 ][ sql ] [ SQL ] DELETE FROM `fa_auth_rule`    WHERE  `id` = 161 [ RunTime:0.017578s ]
[ 2019-08-07T21:26:02+08:00 ][ sql ] [ SQL ] DELETE FROM `fa_auth_rule`    WHERE  `id` = 162 [ RunTime:0.028321s ]
[ 2019-08-07T21:26:02+08:00 ][ sql ] [ SQL ] DELETE FROM `fa_auth_rule`    WHERE  `id` = 163 [ RunTime:0.004883s ]
[ 2019-08-07T21:26:02+08:00 ][ sql ] [ SQL ] DELETE FROM `fa_auth_rule`    WHERE  `id` = 164 [ RunTime:0.003906s ]
[ 2019-08-07T21:26:02+08:00 ][ sql ] [ SQL ] DELETE FROM `fa_auth_rule`    WHERE  `id` = 165 [ RunTime:0.003906s ]
[ 2019-08-07T21:26:28+08:00 ][ sql ] [ DB ] CONNECT:[ UseTime:0.005860s ] mysql:host=127.0.0.1;dbname=ky_you;charset=utf8
[ 2019-08-07T21:26:28+08:00 ][ sql ] [ SQL ] SHOW COLUMNS FROM `fa_auth_rule` [ RunTime:0.001953s ]
[ 2019-08-07T21:26:28+08:00 ][ sql ] [ SQL ] SELECT * FROM `fa_auth_rule` WHERE  `name` = 'project_manager' LIMIT 1 [ RunTime:0.000000s ]
[ 2019-08-07T21:26:28+08:00 ][ sql ] [ SQL ] INSERT INTO `fa_auth_rule` (`pid` , `name` , `title` , `icon` , `remark` , `ismenu` , `status` , `createtime` , `updatetime`) VALUES (0 , 'project_manager' , '项目管理' , 'fa fa-circle-o' , '' , 1 , 'normal' , 1565184388 , 1565184388) [ RunTime:0.003906s ]
[ 2019-08-07T21:26:28+08:00 ][ sql ] [ SQL ] SELECT `id` FROM `fa_auth_rule` WHERE  `name` = 'project_manager/index' LIMIT 1 [ RunTime:0.000976s ]
[ 2019-08-07T21:26:28+08:00 ][ sql ] [ SQL ] SELECT `id` FROM `fa_auth_rule` WHERE  `name` = 'project_manager/add' LIMIT 1 [ RunTime:0.000000s ]
[ 2019-08-07T21:26:28+08:00 ][ sql ] [ SQL ] SELECT `id` FROM `fa_auth_rule` WHERE  `name` = 'project_manager/edit' LIMIT 1 [ RunTime:0.000977s ]
[ 2019-08-07T21:26:28+08:00 ][ sql ] [ SQL ] SELECT `id` FROM `fa_auth_rule` WHERE  `name` = 'project_manager/del' LIMIT 1 [ RunTime:0.000000s ]
[ 2019-08-07T21:26:28+08:00 ][ sql ] [ SQL ] SELECT `id` FROM `fa_auth_rule` WHERE  `name` = 'project_manager/multi' LIMIT 1 [ RunTime:0.000000s ]
[ 2019-08-07T21:26:28+08:00 ][ sql ] [ SQL ] INSERT INTO `fa_auth_rule` (`id` , `pid` , `name` , `icon` , `title` , `ismenu` , `status` , `createtime` , `updatetime`) VALUES (NULL , 166 , 'project_manager/index' , 'fa fa-circle-o' , '查看' , 0 , 'normal' , 1565184388 , 1565184388) [ RunTime:0.013673s ]
[ 2019-08-07T21:26:28+08:00 ][ sql ] [ SQL ] INSERT INTO `fa_auth_rule` (`id` , `pid` , `name` , `icon` , `title` , `ismenu` , `status` , `createtime` , `updatetime`) VALUES (NULL , 166 , 'project_manager/add' , 'fa fa-circle-o' , '添加' , 0 , 'normal' , 1565184388 , 1565184388) [ RunTime:0.005860s ]
[ 2019-08-07T21:26:28+08:00 ][ sql ] [ SQL ] INSERT INTO `fa_auth_rule` (`id` , `pid` , `name` , `icon` , `title` , `ismenu` , `status` , `createtime` , `updatetime`) VALUES (NULL , 166 , 'project_manager/edit' , 'fa fa-circle-o' , '编辑' , 0 , 'normal' , 1565184388 , 1565184388) [ RunTime:0.000977s ]
[ 2019-08-07T21:26:28+08:00 ][ sql ] [ SQL ] INSERT INTO `fa_auth_rule` (`id` , `pid` , `name` , `icon` , `title` , `ismenu` , `status` , `createtime` , `updatetime`) VALUES (NULL , 166 , 'project_manager/del' , 'fa fa-circle-o' , '删除' , 0 , 'normal' , 1565184388 , 1565184388) [ RunTime:0.002930s ]
[ 2019-08-07T21:26:28+08:00 ][ sql ] [ SQL ] INSERT INTO `fa_auth_rule` (`id` , `pid` , `name` , `icon` , `title` , `ismenu` , `status` , `createtime` , `updatetime`) VALUES (NULL , 166 , 'project_manager/multi' , 'fa fa-circle-o' , '批量更新' , 0 , 'normal' , 1565184388 , 1565184388) [ RunTime:0.000976s ]
[ 2019-08-07T21:28:36+08:00 ][ sql ] [ DB ] CONNECT:[ UseTime:0.004883s ] mysql:host=127.0.0.1;dbname=ky_you;charset=utf8
[ 2019-08-07T21:28:36+08:00 ][ sql ] [ SQL ] SHOW TABLE STATUS LIKE 'project_manager' [ RunTime:0.001954s ]
[ 2019-08-07T21:28:36+08:00 ][ sql ] [ SQL ] SHOW TABLE STATUS LIKE 'fa_project_manager' [ RunTime:0.002929s ]
[ 2019-08-07T21:28:45+08:00 ][ sql ] [ DB ] CONNECT:[ UseTime:0.004883s ] mysql:host=127.0.0.1;dbname=ky_you;charset=utf8
[ 2019-08-07T21:28:45+08:00 ][ sql ] [ SQL ] SHOW TABLE STATUS LIKE 'project_manager' [ RunTime:0.002929s ]
[ 2019-08-07T21:28:45+08:00 ][ sql ] [ SQL ] SHOW TABLE STATUS LIKE 'fa_project_manager' [ RunTime:0.002930s ]
[ 2019-08-07T21:28:45+08:00 ][ sql ] [ SQL ] SELECT * FROM `information_schema`.`columns` WHERE TABLE_SCHEMA = 'ky_you' AND table_name = 'fa_project_manager' ORDER BY ORDINAL_POSITION [ RunTime:0.030274s ]
[ 2019-08-07T21:28:50+08:00 ][ sql ] [ DB ] CONNECT:[ UseTime:0.003906s ] mysql:host=127.0.0.1;dbname=ky_you;charset=utf8
[ 2019-08-07T21:28:50+08:00 ][ sql ] [ SQL ] SHOW COLUMNS FROM `fa_auth_rule` [ RunTime:0.004883s ]
[ 2019-08-07T21:28:50+08:00 ][ sql ] [ SQL ] SELECT * FROM `fa_auth_rule` WHERE  `name` = 'project_manager' LIMIT 1 [ RunTime:0.000976s ]
[ 2019-08-07T21:28:50+08:00 ][ sql ] [ SQL ] INSERT INTO `fa_auth_rule` (`pid` , `name` , `title` , `icon` , `remark` , `ismenu` , `status` , `createtime` , `updatetime`) VALUES (0 , 'project_manager' , '项目管理' , 'fa fa-circle-o' , '' , 1 , 'normal' , 1565184530 , 1565184530) [ RunTime:0.005860s ]
[ 2019-08-07T21:28:50+08:00 ][ sql ] [ SQL ] SELECT `id` FROM `fa_auth_rule` WHERE  `name` = 'project_manager/index' LIMIT 1 [ RunTime:0.000977s ]
[ 2019-08-07T21:28:50+08:00 ][ sql ] [ SQL ] SELECT `id` FROM `fa_auth_rule` WHERE  `name` = 'project_manager/add' LIMIT 1 [ RunTime:0.000976s ]
[ 2019-08-07T21:28:50+08:00 ][ sql ] [ SQL ] SELECT `id` FROM `fa_auth_rule` WHERE  `name` = 'project_manager/edit' LIMIT 1 [ RunTime:0.000000s ]
[ 2019-08-07T21:28:50+08:00 ][ sql ] [ SQL ] SELECT `id` FROM `fa_auth_rule` WHERE  `name` = 'project_manager/del' LIMIT 1 [ RunTime:0.000000s ]
[ 2019-08-07T21:28:50+08:00 ][ sql ] [ SQL ] SELECT `id` FROM `fa_auth_rule` WHERE  `name` = 'project_manager/multi' LIMIT 1 [ RunTime:0.000976s ]
[ 2019-08-07T21:28:50+08:00 ][ sql ] [ SQL ] INSERT INTO `fa_auth_rule` (`id` , `pid` , `name` , `icon` , `title` , `ismenu` , `status` , `createtime` , `updatetime`) VALUES (NULL , 172 , 'project_manager/index' , 'fa fa-circle-o' , '查看' , 0 , 'normal' , 1565184530 , 1565184530) [ RunTime:0.002930s ]
[ 2019-08-07T21:28:50+08:00 ][ sql ] [ SQL ] INSERT INTO `fa_auth_rule` (`id` , `pid` , `name` , `icon` , `title` , `ismenu` , `status` , `createtime` , `updatetime`) VALUES (NULL , 172 , 'project_manager/add' , 'fa fa-circle-o' , '添加' , 0 , 'normal' , 1565184530 , 1565184530) [ RunTime:0.012696s ]
[ 2019-08-07T21:28:50+08:00 ][ sql ] [ SQL ] INSERT INTO `fa_auth_rule` (`id` , `pid` , `name` , `icon` , `title` , `ismenu` , `status` , `createtime` , `updatetime`) VALUES (NULL , 172 , 'project_manager/edit' , 'fa fa-circle-o' , '编辑' , 0 , 'normal' , 1565184530 , 1565184530) [ RunTime:0.006836s ]
[ 2019-08-07T21:28:50+08:00 ][ sql ] [ SQL ] INSERT INTO `fa_auth_rule` (`id` , `pid` , `name` , `icon` , `title` , `ismenu` , `status` , `createtime` , `updatetime`) VALUES (NULL , 172 , 'project_manager/del' , 'fa fa-circle-o' , '删除' , 0 , 'normal' , 1565184530 , 1565184530) [ RunTime:0.000976s ]
[ 2019-08-07T21:28:50+08:00 ][ sql ] [ SQL ] INSERT INTO `fa_auth_rule` (`id` , `pid` , `name` , `icon` , `title` , `ismenu` , `status` , `createtime` , `updatetime`) VALUES (NULL , 172 , 'project_manager/multi' , 'fa fa-circle-o' , '批量更新' , 0 , 'normal' , 1565184530 , 1565184530) [ RunTime:0.000000s ]
