[ 2019-08-08T16:15:33+08:00 ][ sql ] [ DB ] CONNECT:[ UseTime:0.017579s ] mysql:host=127.0.0.1;dbname=ky_you;charset=utf8
[ 2019-08-08T16:15:33+08:00 ][ sql ] [ SQL ] SHOW TABLE STATUS LIKE 'project_manager' [ RunTime:0.147467s ]
[ 2019-08-08T16:15:33+08:00 ][ sql ] [ SQL ] SHOW TABLE STATUS LIKE 'fa_project_manager' [ RunTime:0.060549s ]
[ 2019-08-08T16:21:15+08:00 ][ sql ] [ DB ] CONNECT:[ UseTime:0.031251s ] mysql:host=127.0.0.1;dbname=ky_you;charset=utf8
[ 2019-08-08T16:21:15+08:00 ][ sql ] [ SQL ] SHOW TABLE STATUS LIKE 'project_manager' [ RunTime:0.040041s ]
[ 2019-08-08T16:21:16+08:00 ][ sql ] [ SQL ] SHOW TABLE STATUS LIKE 'fa_project_manager' [ RunTime:0.113285s ]
[ 2019-08-08T16:21:16+08:00 ][ sql ] [ SQL ] SELECT * FROM `information_schema`.`columns` WHERE TABLE_SCHEMA = 'ky_you' AND table_name = 'fa_project_manager' ORDER BY ORDINAL_POSITION [ RunTime:0.002930s ]
[ 2019-08-08T16:21:16+08:00 ][ sql ] [ DB ] CONNECT:[ UseTime:0.004883s ] mysql:host=127.0.0.1;dbname=ky_you;charset=utf8
[ 2019-08-08T16:21:16+08:00 ][ sql ] [ SQL ] SHOW COLUMNS FROM `fa_auth_rule` [ RunTime:0.003907s ]
[ 2019-08-08T16:21:16+08:00 ][ sql ] [ SQL ] SELECT * FROM `fa_auth_rule` WHERE  `name` = 'project_manager' LIMIT 1 [ RunTime:0.029298s ]
[ 2019-08-08T16:21:16+08:00 ][ sql ] [ SQL ] INSERT INTO `fa_auth_rule` (`pid` , `name` , `title` , `icon` , `remark` , `ismenu` , `status` , `createtime` , `updatetime`) VALUES (0 , 'project_manager' , '项目管理' , 'fa fa-circle-o' , '' , 1 , 'normal' , 1565252476 , 1565252476) [ RunTime:0.036134s ]
[ 2019-08-08T16:21:16+08:00 ][ sql ] [ SQL ] SELECT `id` FROM `fa_auth_rule` WHERE  `name` = 'project_manager/index' LIMIT 1 [ RunTime:0.000976s ]
[ 2019-08-08T16:21:16+08:00 ][ sql ] [ SQL ] SELECT `id` FROM `fa_auth_rule` WHERE  `name` = 'project_manager/add' LIMIT 1 [ RunTime:0.000000s ]
[ 2019-08-08T16:21:16+08:00 ][ sql ] [ SQL ] SELECT `id` FROM `fa_auth_rule` WHERE  `name` = 'project_manager/edit' LIMIT 1 [ RunTime:0.000000s ]
[ 2019-08-08T16:21:16+08:00 ][ sql ] [ SQL ] SELECT `id` FROM `fa_auth_rule` WHERE  `name` = 'project_manager/del' LIMIT 1 [ RunTime:0.000977s ]
[ 2019-08-08T16:21:16+08:00 ][ sql ] [ SQL ] SELECT `id` FROM `fa_auth_rule` WHERE  `name` = 'project_manager/multi' LIMIT 1 [ RunTime:0.000000s ]
[ 2019-08-08T16:21:16+08:00 ][ sql ] [ SQL ] INSERT INTO `fa_auth_rule` (`id` , `pid` , `name` , `icon` , `title` , `ismenu` , `status` , `createtime` , `updatetime`) VALUES (NULL , 178 , 'project_manager/index' , 'fa fa-circle-o' , '查看' , 0 , 'normal' , 1565252476 , 1565252476) [ RunTime:0.069339s ]
[ 2019-08-08T16:21:16+08:00 ][ sql ] [ SQL ] INSERT INTO `fa_auth_rule` (`id` , `pid` , `name` , `icon` , `title` , `ismenu` , `status` , `createtime` , `updatetime`) VALUES (NULL , 178 , 'project_manager/add' , 'fa fa-circle-o' , '添加' , 0 , 'normal' , 1565252476 , 1565252476) [ RunTime:0.003906s ]
[ 2019-08-08T16:21:16+08:00 ][ sql ] [ SQL ] INSERT INTO `fa_auth_rule` (`id` , `pid` , `name` , `icon` , `title` , `ismenu` , `status` , `createtime` , `updatetime`) VALUES (NULL , 178 , 'project_manager/edit' , 'fa fa-circle-o' , '编辑' , 0 , 'normal' , 1565252476 , 1565252476) [ RunTime:0.003907s ]
[ 2019-08-08T16:21:16+08:00 ][ sql ] [ SQL ] INSERT INTO `fa_auth_rule` (`id` , `pid` , `name` , `icon` , `title` , `ismenu` , `status` , `createtime` , `updatetime`) VALUES (NULL , 178 , 'project_manager/del' , 'fa fa-circle-o' , '删除' , 0 , 'normal' , 1565252476 , 1565252476) [ RunTime:0.001954s ]
[ 2019-08-08T16:21:16+08:00 ][ sql ] [ SQL ] INSERT INTO `fa_auth_rule` (`id` , `pid` , `name` , `icon` , `title` , `ismenu` , `status` , `createtime` , `updatetime`) VALUES (NULL , 178 , 'project_manager/multi' , 'fa fa-circle-o' , '批量更新' , 0 , 'normal' , 1565252476 , 1565252476) [ RunTime:0.001953s ]
[ 2019-08-08T16:22:40+08:00 ][ sql ] [ DB ] CONNECT:[ UseTime:0.008789s ] mysql:host=127.0.0.1;dbname=ky_you;charset=utf8
[ 2019-08-08T16:22:40+08:00 ][ sql ] [ SQL ] SHOW TABLE STATUS LIKE 'project_manager' [ RunTime:0.008789s ]
[ 2019-08-08T16:22:40+08:00 ][ sql ] [ SQL ] SHOW TABLE STATUS LIKE 'fa_project_manager' [ RunTime:0.000976s ]
[ 2019-08-08T16:22:57+08:00 ][ sql ] [ DB ] CONNECT:[ UseTime:0.005860s ] mysql:host=127.0.0.1;dbname=ky_you;charset=utf8
[ 2019-08-08T16:22:57+08:00 ][ sql ] [ SQL ] SHOW TABLE STATUS LIKE 'project_manager' [ RunTime:0.002930s ]
[ 2019-08-08T16:22:57+08:00 ][ sql ] [ SQL ] SHOW TABLE STATUS LIKE 'fa_project_manager' [ RunTime:0.001953s ]
[ 2019-08-08T16:22:57+08:00 ][ sql ] [ SQL ] SELECT * FROM `information_schema`.`columns` WHERE TABLE_SCHEMA = 'ky_you' AND table_name = 'fa_project_manager' ORDER BY ORDINAL_POSITION [ RunTime:0.002930s ]
[ 2019-08-08T16:23:04+08:00 ][ sql ] [ DB ] CONNECT:[ UseTime:0.005860s ] mysql:host=127.0.0.1;dbname=ky_you;charset=utf8
[ 2019-08-08T16:23:04+08:00 ][ sql ] [ SQL ] SHOW COLUMNS FROM `fa_auth_rule` [ RunTime:0.003907s ]
[ 2019-08-08T16:23:04+08:00 ][ sql ] [ SQL ] SELECT * FROM `fa_auth_rule` WHERE  `name` = 'project_manager' LIMIT 1 [ RunTime:0.000976s ]
[ 2019-08-08T16:23:04+08:00 ][ sql ] [ SQL ] SELECT `id` FROM `fa_auth_rule` WHERE  `name` = 'project_manager/index' LIMIT 1 [ RunTime:0.000977s ]
[ 2019-08-08T16:23:04+08:00 ][ sql ] [ SQL ] SELECT `id` FROM `fa_auth_rule` WHERE  `name` = 'project_manager/add' LIMIT 1 [ RunTime:0.000976s ]
[ 2019-08-08T16:23:04+08:00 ][ sql ] [ SQL ] SELECT `id` FROM `fa_auth_rule` WHERE  `name` = 'project_manager/edit' LIMIT 1 [ RunTime:0.001953s ]
[ 2019-08-08T16:23:04+08:00 ][ sql ] [ SQL ] SELECT `id` FROM `fa_auth_rule` WHERE  `name` = 'project_manager/del' LIMIT 1 [ RunTime:0.000000s ]
[ 2019-08-08T16:23:04+08:00 ][ sql ] [ SQL ] SELECT `id` FROM `fa_auth_rule` WHERE  `name` = 'project_manager/multi' LIMIT 1 [ RunTime:0.000977s ]
[ 2019-08-08T16:23:04+08:00 ][ sql ] [ SQL ] UPDATE `fa_auth_rule`  SET `pid`=178,`name`='project_manager/index',`icon`='fa fa-circle-o',`title`='查看',`ismenu`=0,`status`='normal',`updatetime`=1565252584  WHERE  `id` = 179 [ RunTime:0.081058s ]
[ 2019-08-08T16:23:04+08:00 ][ sql ] [ SQL ] UPDATE `fa_auth_rule`  SET `pid`=178,`name`='project_manager/add',`icon`='fa fa-circle-o',`title`='添加',`ismenu`=0,`status`='normal',`updatetime`=1565252584  WHERE  `id` = 180 [ RunTime:0.001954s ]
[ 2019-08-08T16:23:04+08:00 ][ sql ] [ SQL ] UPDATE `fa_auth_rule`  SET `pid`=178,`name`='project_manager/edit',`icon`='fa fa-circle-o',`title`='编辑',`ismenu`=0,`status`='normal',`updatetime`=1565252584  WHERE  `id` = 181 [ RunTime:0.000976s ]
[ 2019-08-08T16:23:04+08:00 ][ sql ] [ SQL ] UPDATE `fa_auth_rule`  SET `pid`=178,`name`='project_manager/del',`icon`='fa fa-circle-o',`title`='删除',`ismenu`=0,`status`='normal',`updatetime`=1565252584  WHERE  `id` = 182 [ RunTime:0.000000s ]
[ 2019-08-08T16:23:04+08:00 ][ sql ] [ SQL ] UPDATE `fa_auth_rule`  SET `pid`=178,`name`='project_manager/multi',`icon`='fa fa-circle-o',`title`='批量更新',`ismenu`=0,`status`='normal',`updatetime`=1565252584  WHERE  `id` = 183 [ RunTime:0.000000s ]
[ 2019-08-08T16:23:32+08:00 ][ sql ] [ DB ] CONNECT:[ UseTime:0.003907s ] mysql:host=127.0.0.1;dbname=ky_you;charset=utf8
[ 2019-08-08T16:23:32+08:00 ][ sql ] [ SQL ] SHOW COLUMNS FROM `fa_auth_rule` [ RunTime:0.002930s ]
[ 2019-08-08T16:23:32+08:00 ][ sql ] [ SQL ] SELECT * FROM `fa_auth_rule` WHERE  `name` = 'project_manager' LIMIT 1 [ RunTime:0.000000s ]
[ 2019-08-08T16:23:32+08:00 ][ sql ] [ SQL ] INSERT INTO `fa_auth_rule` (`pid` , `name` , `title` , `icon` , `remark` , `ismenu` , `status` , `createtime` , `updatetime`) VALUES (0 , 'project_manager' , '项目管理' , 'fa fa-circle-o' , '' , 1 , 'normal' , 1565252612 , 1565252612) [ RunTime:0.008789s ]
[ 2019-08-08T16:23:32+08:00 ][ sql ] [ SQL ] SELECT `id` FROM `fa_auth_rule` WHERE  `name` = 'project_manager/index' LIMIT 1 [ RunTime:0.000000s ]
[ 2019-08-08T16:23:32+08:00 ][ sql ] [ SQL ] SELECT `id` FROM `fa_auth_rule` WHERE  `name` = 'project_manager/add' LIMIT 1 [ RunTime:0.000977s ]
[ 2019-08-08T16:23:32+08:00 ][ sql ] [ SQL ] SELECT `id` FROM `fa_auth_rule` WHERE  `name` = 'project_manager/edit' LIMIT 1 [ RunTime:0.000000s ]
[ 2019-08-08T16:23:32+08:00 ][ sql ] [ SQL ] SELECT `id` FROM `fa_auth_rule` WHERE  `name` = 'project_manager/del' LIMIT 1 [ RunTime:0.000976s ]
[ 2019-08-08T16:23:32+08:00 ][ sql ] [ SQL ] SELECT `id` FROM `fa_auth_rule` WHERE  `name` = 'project_manager/multi' LIMIT 1 [ RunTime:0.000000s ]
[ 2019-08-08T16:23:32+08:00 ][ sql ] [ SQL ] INSERT INTO `fa_auth_rule` (`id` , `pid` , `name` , `icon` , `title` , `ismenu` , `status` , `createtime` , `updatetime`) VALUES (NULL , 184 , 'project_manager/index' , 'fa fa-circle-o' , '查看' , 0 , 'normal' , 1565252612 , 1565252612) [ RunTime:0.058596s ]
[ 2019-08-08T16:23:32+08:00 ][ sql ] [ SQL ] INSERT INTO `fa_auth_rule` (`id` , `pid` , `name` , `icon` , `title` , `ismenu` , `status` , `createtime` , `updatetime`) VALUES (NULL , 184 , 'project_manager/add' , 'fa fa-circle-o' , '添加' , 0 , 'normal' , 1565252612 , 1565252612) [ RunTime:0.000000s ]
[ 2019-08-08T16:23:32+08:00 ][ sql ] [ SQL ] INSERT INTO `fa_auth_rule` (`id` , `pid` , `name` , `icon` , `title` , `ismenu` , `status` , `createtime` , `updatetime`) VALUES (NULL , 184 , 'project_manager/edit' , 'fa fa-circle-o' , '编辑' , 0 , 'normal' , 1565252612 , 1565252612) [ RunTime:0.000977s ]
[ 2019-08-08T16:23:32+08:00 ][ sql ] [ SQL ] INSERT INTO `fa_auth_rule` (`id` , `pid` , `name` , `icon` , `title` , `ismenu` , `status` , `createtime` , `updatetime`) VALUES (NULL , 184 , 'project_manager/del' , 'fa fa-circle-o' , '删除' , 0 , 'normal' , 1565252612 , 1565252612) [ RunTime:0.000976s ]
[ 2019-08-08T16:23:32+08:00 ][ sql ] [ SQL ] INSERT INTO `fa_auth_rule` (`id` , `pid` , `name` , `icon` , `title` , `ismenu` , `status` , `createtime` , `updatetime`) VALUES (NULL , 184 , 'project_manager/multi' , 'fa fa-circle-o' , '批量更新' , 0 , 'normal' , 1565252612 , 1565252612) [ RunTime:0.002930s ]
[ 2019-08-08T16:28:36+08:00 ][ sql ] [ DB ] CONNECT:[ UseTime:0.056643s ] mysql:host=127.0.0.1;dbname=ky_you;charset=utf8
[ 2019-08-08T16:28:36+08:00 ][ sql ] [ SQL ] SHOW TABLE STATUS LIKE 'project_manager' [ RunTime:0.003906s ]
[ 2019-08-08T16:28:36+08:00 ][ sql ] [ SQL ] SHOW TABLE STATUS LIKE 'fa_project_manager' [ RunTime:0.012696s ]
[ 2019-08-08T16:28:42+08:00 ][ sql ] [ DB ] CONNECT:[ UseTime:0.005860s ] mysql:host=127.0.0.1;dbname=ky_you;charset=utf8
[ 2019-08-08T16:28:42+08:00 ][ sql ] [ SQL ] SHOW TABLE STATUS LIKE 'project_manager' [ RunTime:0.002930s ]
[ 2019-08-08T16:28:42+08:00 ][ sql ] [ SQL ] SHOW TABLE STATUS LIKE 'fa_project_manager' [ RunTime:0.000977s ]
[ 2019-08-08T16:28:42+08:00 ][ sql ] [ SQL ] SELECT * FROM `information_schema`.`columns` WHERE TABLE_SCHEMA = 'ky_you' AND table_name = 'fa_project_manager' ORDER BY ORDINAL_POSITION [ RunTime:0.001953s ]
[ 2019-08-08T16:28:47+08:00 ][ sql ] [ DB ] CONNECT:[ UseTime:0.004883s ] mysql:host=127.0.0.1;dbname=ky_you;charset=utf8
[ 2019-08-08T16:28:47+08:00 ][ sql ] [ SQL ] SHOW COLUMNS FROM `fa_auth_rule` [ RunTime:0.001953s ]
[ 2019-08-08T16:28:47+08:00 ][ sql ] [ SQL ] SELECT * FROM `fa_auth_rule` WHERE  `name` = 'project_manager' LIMIT 1 [ RunTime:0.000000s ]
[ 2019-08-08T16:28:47+08:00 ][ sql ] [ SQL ] INSERT INTO `fa_auth_rule` (`pid` , `name` , `title` , `icon` , `remark` , `ismenu` , `status` , `createtime` , `updatetime`) VALUES (0 , 'project_manager' , '项目管理' , 'fa fa-circle-o' , '' , 1 , 'normal' , 1565252927 , 1565252927) [ RunTime:0.006836s ]
[ 2019-08-08T16:28:47+08:00 ][ sql ] [ SQL ] SELECT `id` FROM `fa_auth_rule` WHERE  `name` = 'project_manager/index' LIMIT 1 [ RunTime:0.000976s ]
[ 2019-08-08T16:28:47+08:00 ][ sql ] [ SQL ] SELECT `id` FROM `fa_auth_rule` WHERE  `name` = 'project_manager/add' LIMIT 1 [ RunTime:0.000977s ]
[ 2019-08-08T16:28:47+08:00 ][ sql ] [ SQL ] SELECT `id` FROM `fa_auth_rule` WHERE  `name` = 'project_manager/edit' LIMIT 1 [ RunTime:0.000000s ]
[ 2019-08-08T16:28:47+08:00 ][ sql ] [ SQL ] SELECT `id` FROM `fa_auth_rule` WHERE  `name` = 'project_manager/del' LIMIT 1 [ RunTime:0.000000s ]
[ 2019-08-08T16:28:47+08:00 ][ sql ] [ SQL ] SELECT `id` FROM `fa_auth_rule` WHERE  `name` = 'project_manager/multi' LIMIT 1 [ RunTime:0.000000s ]
[ 2019-08-08T16:28:47+08:00 ][ sql ] [ SQL ] INSERT INTO `fa_auth_rule` (`id` , `pid` , `name` , `icon` , `title` , `ismenu` , `status` , `createtime` , `updatetime`) VALUES (NULL , 190 , 'project_manager/index' , 'fa fa-circle-o' , '查看' , 0 , 'normal' , 1565252927 , 1565252927) [ RunTime:0.036134s ]
[ 2019-08-08T16:28:47+08:00 ][ sql ] [ SQL ] INSERT INTO `fa_auth_rule` (`id` , `pid` , `name` , `icon` , `title` , `ismenu` , `status` , `createtime` , `updatetime`) VALUES (NULL , 190 , 'project_manager/add' , 'fa fa-circle-o' , '添加' , 0 , 'normal' , 1565252927 , 1565252927) [ RunTime:0.002930s ]
[ 2019-08-08T16:28:47+08:00 ][ sql ] [ SQL ] INSERT INTO `fa_auth_rule` (`id` , `pid` , `name` , `icon` , `title` , `ismenu` , `status` , `createtime` , `updatetime`) VALUES (NULL , 190 , 'project_manager/edit' , 'fa fa-circle-o' , '编辑' , 0 , 'normal' , 1565252927 , 1565252927) [ RunTime:0.000977s ]
[ 2019-08-08T16:28:47+08:00 ][ sql ] [ SQL ] INSERT INTO `fa_auth_rule` (`id` , `pid` , `name` , `icon` , `title` , `ismenu` , `status` , `createtime` , `updatetime`) VALUES (NULL , 190 , 'project_manager/del' , 'fa fa-circle-o' , '删除' , 0 , 'normal' , 1565252927 , 1565252927) [ RunTime:0.001953s ]
[ 2019-08-08T16:28:47+08:00 ][ sql ] [ SQL ] INSERT INTO `fa_auth_rule` (`id` , `pid` , `name` , `icon` , `title` , `ismenu` , `status` , `createtime` , `updatetime`) VALUES (NULL , 190 , 'project_manager/multi' , 'fa fa-circle-o' , '批量更新' , 0 , 'normal' , 1565252927 , 1565252927) [ RunTime:0.001953s ]
